{"/Users/nitinsharma/Projects/Learning/testing/featherGlobe/src/App/App.js": {"path":"/Users/nitinsharma/Projects/Learning/testing/featherGlobe/src/App/App.js","statementMap":{"0":{"start":{"line":11,"column":4},"end":{"line":21,"column":6}}},"fnMap":{"0":{"name":"(anonymous_0)","decl":{"start":{"line":10,"column":3},"end":{"line":10,"column":4}},"loc":{"start":{"line":10,"column":12},"end":{"line":22,"column":3}},"line":10}},"branchMap":{},"s":{"0":1},"f":{"0":1},"b":{},"_coverageSchema":"43e27e138ebf9cfc5966b082cf9a028302ed4184","hash":"c16dead37e90f9c2c4bab8e9555cba7b392c396f"}
,"/Users/nitinsharma/Projects/Learning/testing/featherGlobe/src/App/Logo.js": {"path":"/Users/nitinsharma/Projects/Learning/testing/featherGlobe/src/App/Logo.js","statementMap":{"0":{"start":{"line":3,"column":13},"end":{"line":13,"column":1}},"1":{"start":{"line":4,"column":4},"end":{"line":12,"column":5}}},"fnMap":{"0":{"name":"(anonymous_0)","decl":{"start":{"line":3,"column":13},"end":{"line":3,"column":14}},"loc":{"start":{"line":3,"column":19},"end":{"line":13,"column":1}},"line":3}},"branchMap":{},"s":{"0":1,"1":1},"f":{"0":1},"b":{},"_coverageSchema":"43e27e138ebf9cfc5966b082cf9a028302ed4184","hash":"e3014e45c220db7fbfdf05b226d523e334b2c9e9"}
,"/Users/nitinsharma/Projects/Learning/testing/featherGlobe/src/App/Components/Backdrop.js": {"path":"/Users/nitinsharma/Projects/Learning/testing/featherGlobe/src/App/Components/Backdrop.js","statementMap":{"0":{"start":{"line":4,"column":17},"end":{"line":6,"column":1}},"1":{"start":{"line":5,"column":3},"end":{"line":5,"column":86}}},"fnMap":{"0":{"name":"(anonymous_0)","decl":{"start":{"line":4,"column":17},"end":{"line":4,"column":18}},"loc":{"start":{"line":4,"column":28},"end":{"line":6,"column":1}},"line":4}},"branchMap":{"0":{"loc":{"start":{"line":5,"column":10},"end":{"line":5,"column":86}},"type":"cond-expr","locations":[{"start":{"line":5,"column":23},"end":{"line":5,"column":79}},{"start":{"line":5,"column":82},"end":{"line":5,"column":86}}],"line":5}},"s":{"0":2,"1":3},"f":{"0":3},"b":{"0":[1,2]},"_coverageSchema":"43e27e138ebf9cfc5966b082cf9a028302ed4184","hash":"94b44f810f7197c484c48eeb19aead0e9ff53d59"}
,"/Users/nitinsharma/Projects/Learning/testing/featherGlobe/src/App/Components/Logo.js": {"path":"/Users/nitinsharma/Projects/Learning/testing/featherGlobe/src/App/Components/Logo.js","statementMap":{"0":{"start":{"line":4,"column":13},"end":{"line":16,"column":1}},"1":{"start":{"line":5,"column":2},"end":{"line":15,"column":4}}},"fnMap":{"0":{"name":"(anonymous_0)","decl":{"start":{"line":4,"column":13},"end":{"line":4,"column":14}},"loc":{"start":{"line":4,"column":19},"end":{"line":16,"column":1}},"line":4}},"branchMap":{},"s":{"0":1,"1":1},"f":{"0":1},"b":{},"_coverageSchema":"43e27e138ebf9cfc5966b082cf9a028302ed4184","hash":"12ddf7cd105b56acd8f50c784713214afcf8f838"}
,"/Users/nitinsharma/Projects/Learning/testing/featherGlobe/src/App/Demo/demoApp.js": {"path":"/Users/nitinsharma/Projects/Learning/testing/featherGlobe/src/App/Demo/demoApp.js","statementMap":{"0":{"start":{"line":4,"column":12},"end":{"line":10,"column":1}},"1":{"start":{"line":5,"column":2},"end":{"line":9,"column":4}}},"fnMap":{"0":{"name":"(anonymous_0)","decl":{"start":{"line":4,"column":12},"end":{"line":4,"column":13}},"loc":{"start":{"line":4,"column":27},"end":{"line":10,"column":1}},"line":4}},"branchMap":{},"s":{"0":1,"1":0},"f":{"0":0},"b":{},"_coverageSchema":"43e27e138ebf9cfc5966b082cf9a028302ed4184","hash":"62ef0323ea182b5ec463c38b203e850f9076b7b6"}
,"/Users/nitinsharma/Projects/Learning/testing/featherGlobe/src/App/Demo/Components/AddPost.js": {"path":"/Users/nitinsharma/Projects/Learning/testing/featherGlobe/src/App/Demo/Components/AddPost.js","statementMap":{"0":{"start":{"line":6,"column":21},"end":{"line":6,"column":25}},"1":{"start":{"line":7,"column":2},"end":{"line":27,"column":3}},"2":{"start":{"line":8,"column":4},"end":{"line":16,"column":10}},"3":{"start":{"line":18,"column":4},"end":{"line":26,"column":10}},"4":{"start":{"line":28,"column":2},"end":{"line":44,"column":3}},"5":{"start":{"line":29,"column":4},"end":{"line":41,"column":6}},"6":{"start":{"line":43,"column":4},"end":{"line":43,"column":16}}},"fnMap":{"0":{"name":"AddPost","decl":{"start":{"line":3,"column":16},"end":{"line":3,"column":23}},"loc":{"start":{"line":3,"column":95},"end":{"line":45,"column":1}},"line":3}},"branchMap":{"0":{"loc":{"start":{"line":7,"column":2},"end":{"line":27,"column":3}},"type":"if","locations":[{"start":{"line":7,"column":2},"end":{"line":27,"column":3}},{"start":{"line":7,"column":2},"end":{"line":27,"column":3}}],"line":7},"1":{"loc":{"start":{"line":28,"column":2},"end":{"line":44,"column":3}},"type":"if","locations":[{"start":{"line":28,"column":2},"end":{"line":44,"column":3}},{"start":{"line":28,"column":2},"end":{"line":44,"column":3}}],"line":28},"2":{"loc":{"start":{"line":32,"column":38},"end":{"line":32,"column":64}},"type":"cond-expr","locations":[{"start":{"line":32,"column":50},"end":{"line":32,"column":56}},{"start":{"line":32,"column":59},"end":{"line":32,"column":64}}],"line":32}},"s":{"0":0,"1":0,"2":0,"3":0,"4":0,"5":0,"6":0},"f":{"0":0},"b":{"0":[0,0],"1":[0,0],"2":[0,0]},"_coverageSchema":"43e27e138ebf9cfc5966b082cf9a028302ed4184","hash":"389955ad3349ea585fa30c1ec38981b112f03df9"}
,"/Users/nitinsharma/Projects/Learning/testing/featherGlobe/src/App/Demo/Components/Post.js": {"path":"/Users/nitinsharma/Projects/Learning/testing/featherGlobe/src/App/Demo/Components/Post.js","statementMap":{"0":{"start":{"line":4,"column":2},"end":{"line":13,"column":4}},"1":{"start":{"line":8,"column":50},"end":{"line":8,"column":83}},"2":{"start":{"line":10,"column":32},"end":{"line":10,"column":66}}},"fnMap":{"0":{"name":"Post","decl":{"start":{"line":3,"column":16},"end":{"line":3,"column":20}},"loc":{"start":{"line":3,"column":28},"end":{"line":14,"column":1}},"line":3},"1":{"name":"(anonymous_1)","decl":{"start":{"line":8,"column":44},"end":{"line":8,"column":45}},"loc":{"start":{"line":8,"column":50},"end":{"line":8,"column":83}},"line":8},"2":{"name":"(anonymous_2)","decl":{"start":{"line":10,"column":26},"end":{"line":10,"column":27}},"loc":{"start":{"line":10,"column":32},"end":{"line":10,"column":66}},"line":10}},"branchMap":{},"s":{"0":0,"1":0,"2":0},"f":{"0":0,"1":0,"2":0},"b":{},"_coverageSchema":"43e27e138ebf9cfc5966b082cf9a028302ed4184","hash":"a045dc8b62d9b5bff3a26ea65afca22d20c14136"}
,"/Users/nitinsharma/Projects/Learning/testing/featherGlobe/src/App/Demo/Components/PostDescription.js": {"path":"/Users/nitinsharma/Projects/Learning/testing/featherGlobe/src/App/Demo/Components/PostDescription.js","statementMap":{"0":{"start":{"line":5,"column":4},"end":{"line":7,"column":12}},"1":{"start":{"line":6,"column":8},"end":{"line":6,"column":31}},"2":{"start":{"line":9,"column":4},"end":{"line":22,"column":5}},"3":{"start":{"line":10,"column":8},"end":{"line":19,"column":9}},"4":{"start":{"line":21,"column":8},"end":{"line":21,"column":19}}},"fnMap":{"0":{"name":"PostDescription","decl":{"start":{"line":4,"column":16},"end":{"line":4,"column":31}},"loc":{"start":{"line":4,"column":72},"end":{"line":23,"column":1}},"line":4},"1":{"name":"(anonymous_1)","decl":{"start":{"line":5,"column":14},"end":{"line":5,"column":15}},"loc":{"start":{"line":5,"column":20},"end":{"line":7,"column":7}},"line":5}},"branchMap":{"0":{"loc":{"start":{"line":9,"column":4},"end":{"line":22,"column":5}},"type":"if","locations":[{"start":{"line":9,"column":4},"end":{"line":22,"column":5}},{"start":{"line":9,"column":4},"end":{"line":22,"column":5}}],"line":9}},"s":{"0":0,"1":0,"2":0,"3":0,"4":0},"f":{"0":0,"1":0},"b":{"0":[0,0]},"_coverageSchema":"43e27e138ebf9cfc5966b082cf9a028302ed4184","hash":"85c8daa6ea791791e0c974cbf2c80dc7c5eb055d"}
,"/Users/nitinsharma/Projects/Learning/testing/featherGlobe/src/App/Demo/Components/Posts.js": {"path":"/Users/nitinsharma/Projects/Learning/testing/featherGlobe/src/App/Demo/Components/Posts.js","statementMap":{"0":{"start":{"line":9,"column":2},"end":{"line":11,"column":8}},"1":{"start":{"line":10,"column":4},"end":{"line":10,"column":18}},"2":{"start":{"line":13,"column":2},"end":{"line":30,"column":3}},"3":{"start":{"line":14,"column":4},"end":{"line":27,"column":5}},"4":{"start":{"line":16,"column":31},"end":{"line":16,"column":42}},"5":{"start":{"line":21,"column":12},"end":{"line":23,"column":13}},"6":{"start":{"line":29,"column":4},"end":{"line":29,"column":35}}},"fnMap":{"0":{"name":"Posts","decl":{"start":{"line":7,"column":16},"end":{"line":7,"column":21}},"loc":{"start":{"line":7,"column":101},"end":{"line":31,"column":1}},"line":7},"1":{"name":"(anonymous_1)","decl":{"start":{"line":9,"column":12},"end":{"line":9,"column":13}},"loc":{"start":{"line":9,"column":18},"end":{"line":11,"column":3}},"line":9},"2":{"name":"(anonymous_2)","decl":{"start":{"line":16,"column":25},"end":{"line":16,"column":26}},"loc":{"start":{"line":16,"column":31},"end":{"line":16,"column":42}},"line":16},"3":{"name":"(anonymous_3)","decl":{"start":{"line":20,"column":21},"end":{"line":20,"column":22}},"loc":{"start":{"line":20,"column":31},"end":{"line":24,"column":11}},"line":20}},"branchMap":{"0":{"loc":{"start":{"line":13,"column":2},"end":{"line":30,"column":3}},"type":"if","locations":[{"start":{"line":13,"column":2},"end":{"line":30,"column":3}},{"start":{"line":13,"column":2},"end":{"line":30,"column":3}}],"line":13}},"s":{"0":0,"1":0,"2":0,"3":0,"4":0,"5":0,"6":0},"f":{"0":0,"1":0,"2":0,"3":0},"b":{"0":[0,0]},"_coverageSchema":"43e27e138ebf9cfc5966b082cf9a028302ed4184","hash":"69b846e40fdaaef1a7091ea1f50195e0f4301a1d"}
,"/Users/nitinsharma/Projects/Learning/testing/featherGlobe/src/App/Demo/Components/SearchBar.js": {"path":"/Users/nitinsharma/Projects/Learning/testing/featherGlobe/src/App/Demo/Components/SearchBar.js","statementMap":{"0":{"start":{"line":4,"column":4},"end":{"line":8,"column":5}}},"fnMap":{"0":{"name":"SearchBar","decl":{"start":{"line":3,"column":16},"end":{"line":3,"column":25}},"loc":{"start":{"line":3,"column":28},"end":{"line":9,"column":1}},"line":3}},"branchMap":{},"s":{"0":0},"f":{"0":0},"b":{},"_coverageSchema":"43e27e138ebf9cfc5966b082cf9a028302ed4184","hash":"8e5c2a33b7504103aa7e66e4c3eb814d3d72039e"}
,"/Users/nitinsharma/Projects/Learning/testing/featherGlobe/src/App/Demo/Components/Test.js": {"path":"/Users/nitinsharma/Projects/Learning/testing/featherGlobe/src/App/Demo/Components/Test.js","statementMap":{"0":{"start":{"line":3,"column":20},"end":{"line":11,"column":1}},"1":{"start":{"line":4,"column":4},"end":{"line":6,"column":10}},"2":{"start":{"line":5,"column":8},"end":{"line":5,"column":45}},"3":{"start":{"line":7,"column":2},"end":{"line":10,"column":3}}},"fnMap":{"0":{"name":"(anonymous_0)","decl":{"start":{"line":3,"column":20},"end":{"line":3,"column":21}},"loc":{"start":{"line":3,"column":26},"end":{"line":11,"column":1}},"line":3},"1":{"name":"(anonymous_1)","decl":{"start":{"line":4,"column":15},"end":{"line":4,"column":16}},"loc":{"start":{"line":4,"column":21},"end":{"line":6,"column":5}},"line":4}},"branchMap":{},"s":{"0":1,"1":0,"2":0,"3":0},"f":{"0":0,"1":0},"b":{},"_coverageSchema":"43e27e138ebf9cfc5966b082cf9a028302ed4184","hash":"d7da60bbba48ac8fc240d9e8da924dc8a6cf42dd"}
,"/Users/nitinsharma/Projects/Learning/testing/featherGlobe/src/App/Demo/Components/Tile.js": {"path":"/Users/nitinsharma/Projects/Learning/testing/featherGlobe/src/App/Demo/Components/Tile.js","statementMap":{"0":{"start":{"line":8,"column":23},"end":{"line":8,"column":137}},"1":{"start":{"line":10,"column":24},"end":{"line":10,"column":81}},"2":{"start":{"line":11,"column":20},"end":{"line":11,"column":51}},"3":{"start":{"line":13,"column":4},"end":{"line":26,"column":5}},"4":{"start":{"line":20,"column":35},"end":{"line":20,"column":68}}},"fnMap":{"0":{"name":"Tile","decl":{"start":{"line":5,"column":16},"end":{"line":5,"column":20}},"loc":{"start":{"line":5,"column":28},"end":{"line":27,"column":1}},"line":5},"1":{"name":"(anonymous_1)","decl":{"start":{"line":20,"column":29},"end":{"line":20,"column":30}},"loc":{"start":{"line":20,"column":35},"end":{"line":20,"column":68}},"line":20}},"branchMap":{},"s":{"0":0,"1":0,"2":0,"3":0,"4":0},"f":{"0":0,"1":0},"b":{},"_coverageSchema":"43e27e138ebf9cfc5966b082cf9a028302ed4184","hash":"808cc472b249e979510bc60b8eb2825bfeba60f1"}
,"/Users/nitinsharma/Projects/Learning/testing/featherGlobe/src/App/Demo/Components/UserPanel.js": {"path":"/Users/nitinsharma/Projects/Learning/testing/featherGlobe/src/App/Demo/Components/UserPanel.js","statementMap":{"0":{"start":{"line":6,"column":18},"end":{"line":6,"column":20}},"1":{"start":{"line":8,"column":4},"end":{"line":12,"column":5}},"2":{"start":{"line":9,"column":8},"end":{"line":11,"column":9}},"3":{"start":{"line":10,"column":12},"end":{"line":10,"column":60}},"4":{"start":{"line":14,"column":4},"end":{"line":52,"column":5}},"5":{"start":{"line":16,"column":8},"end":{"line":47,"column":9}},"6":{"start":{"line":29,"column":36},"end":{"line":36,"column":37}},"7":{"start":{"line":30,"column":40},"end":{"line":35,"column":41}},"8":{"start":{"line":49,"column":8},"end":{"line":51,"column":9}}},"fnMap":{"0":{"name":"UserPanel","decl":{"start":{"line":4,"column":16},"end":{"line":4,"column":25}},"loc":{"start":{"line":4,"column":33},"end":{"line":53,"column":1}},"line":4},"1":{"name":"(anonymous_1)","decl":{"start":{"line":28,"column":45},"end":{"line":28,"column":46}},"loc":{"start":{"line":28,"column":55},"end":{"line":37,"column":33}},"line":28}},"branchMap":{"0":{"loc":{"start":{"line":9,"column":8},"end":{"line":11,"column":9}},"type":"if","locations":[{"start":{"line":9,"column":8},"end":{"line":11,"column":9}},{"start":{"line":9,"column":8},"end":{"line":11,"column":9}}],"line":9},"1":{"loc":{"start":{"line":14,"column":4},"end":{"line":52,"column":5}},"type":"if","locations":[{"start":{"line":14,"column":4},"end":{"line":52,"column":5}},{"start":{"line":14,"column":4},"end":{"line":52,"column":5}}],"line":14},"2":{"loc":{"start":{"line":29,"column":36},"end":{"line":36,"column":37}},"type":"if","locations":[{"start":{"line":29,"column":36},"end":{"line":36,"column":37}},{"start":{"line":29,"column":36},"end":{"line":36,"column":37}}],"line":29}},"s":{"0":0,"1":0,"2":0,"3":0,"4":0,"5":0,"6":0,"7":0,"8":0},"f":{"0":0,"1":0},"b":{"0":[0,0],"1":[0,0],"2":[0,0]},"_coverageSchema":"43e27e138ebf9cfc5966b082cf9a028302ed4184","hash":"b4a2b3493db5730c383662d7393c62dfa05695e0"}
,"/Users/nitinsharma/Projects/Learning/testing/featherGlobe/src/App/Demo/Components/Users.js": {"path":"/Users/nitinsharma/Projects/Learning/testing/featherGlobe/src/App/Demo/Components/Users.js","statementMap":{"0":{"start":{"line":12,"column":4},"end":{"line":42,"column":5}}},"fnMap":{"0":{"name":"Users","decl":{"start":{"line":11,"column":16},"end":{"line":11,"column":21}},"loc":{"start":{"line":11,"column":92},"end":{"line":43,"column":1}},"line":11}},"branchMap":{},"s":{"0":0},"f":{"0":0},"b":{},"_coverageSchema":"43e27e138ebf9cfc5966b082cf9a028302ed4184","hash":"8d9d8fdccded1619b688c5b58c280df4704c3207"}
,"/Users/nitinsharma/Projects/Learning/testing/featherGlobe/src/App/Demo/Components/button.js": {"path":"/Users/nitinsharma/Projects/Learning/testing/featherGlobe/src/App/Demo/Components/button.js","statementMap":{"0":{"start":{"line":4,"column":16},"end":{"line":8,"column":1}},"1":{"start":{"line":5,"column":2},"end":{"line":7,"column":3}}},"fnMap":{"0":{"name":"(anonymous_0)","decl":{"start":{"line":4,"column":16},"end":{"line":4,"column":17}},"loc":{"start":{"line":4,"column":25},"end":{"line":8,"column":1}},"line":4}},"branchMap":{},"s":{"0":1,"1":0},"f":{"0":0},"b":{},"_coverageSchema":"43e27e138ebf9cfc5966b082cf9a028302ed4184","hash":"496a315faba1b780cd9771faee7e2dad551fd2c8"}
,"/Users/nitinsharma/Projects/Learning/testing/featherGlobe/src/App/Demo/Components/counter.js": {"path":"/Users/nitinsharma/Projects/Learning/testing/featherGlobe/src/App/Demo/Components/counter.js","statementMap":{"0":{"start":{"line":3,"column":16},"end":{"line":5,"column":1}},"1":{"start":{"line":4,"column":2},"end":{"line":4,"column":47}}},"fnMap":{"0":{"name":"(anonymous_0)","decl":{"start":{"line":3,"column":16},"end":{"line":3,"column":17}},"loc":{"start":{"line":3,"column":25},"end":{"line":5,"column":1}},"line":3}},"branchMap":{},"s":{"0":1,"1":0},"f":{"0":0},"b":{},"_coverageSchema":"43e27e138ebf9cfc5966b082cf9a028302ed4184","hash":"5564566c41f246d265b2ada375b408a616600c87"}
,"/Users/nitinsharma/Projects/Learning/testing/featherGlobe/src/App/Demo/Components/listItem.js": {"path":"/Users/nitinsharma/Projects/Learning/testing/featherGlobe/src/App/Demo/Components/listItem.js","statementMap":{"0":{"start":{"line":3,"column":17},"end":{"line":10,"column":1}},"1":{"start":{"line":4,"column":2},"end":{"line":9,"column":4}}},"fnMap":{"0":{"name":"(anonymous_0)","decl":{"start":{"line":3,"column":17},"end":{"line":3,"column":18}},"loc":{"start":{"line":3,"column":26},"end":{"line":10,"column":1}},"line":3}},"branchMap":{},"s":{"0":1,"1":0},"f":{"0":0},"b":{},"_coverageSchema":"43e27e138ebf9cfc5966b082cf9a028302ed4184","hash":"1e13a846ca4678d52ca961cf70e89a46b1724c8f"}
,"/Users/nitinsharma/Projects/Learning/testing/featherGlobe/src/App/Demo/Components/navigationBar.js": {"path":"/Users/nitinsharma/Projects/Learning/testing/featherGlobe/src/App/Demo/Components/navigationBar.js","statementMap":{"0":{"start":{"line":14,"column":22},"end":{"line":64,"column":1}},"1":{"start":{"line":15,"column":2},"end":{"line":63,"column":4}}},"fnMap":{"0":{"name":"(anonymous_0)","decl":{"start":{"line":14,"column":22},"end":{"line":14,"column":23}},"loc":{"start":{"line":14,"column":31},"end":{"line":64,"column":1}},"line":14}},"branchMap":{},"s":{"0":1,"1":0},"f":{"0":0},"b":{},"_coverageSchema":"43e27e138ebf9cfc5966b082cf9a028302ed4184","hash":"ffac589357aa02bfb384bed77c80cb041b381676"}
,"/Users/nitinsharma/Projects/Learning/testing/featherGlobe/src/App/Demo/Components/todoItem.js": {"path":"/Users/nitinsharma/Projects/Learning/testing/featherGlobe/src/App/Demo/Components/todoItem.js","statementMap":{"0":{"start":{"line":4,"column":17},"end":{"line":22,"column":1}},"1":{"start":{"line":6,"column":14},"end":{"line":6,"column":77}},"2":{"start":{"line":7,"column":2},"end":{"line":9,"column":3}},"3":{"start":{"line":8,"column":4},"end":{"line":8,"column":83}},"4":{"start":{"line":11,"column":2},"end":{"line":21,"column":4}}},"fnMap":{"0":{"name":"(anonymous_0)","decl":{"start":{"line":4,"column":17},"end":{"line":4,"column":18}},"loc":{"start":{"line":4,"column":26},"end":{"line":22,"column":1}},"line":4}},"branchMap":{"0":{"loc":{"start":{"line":7,"column":2},"end":{"line":9,"column":3}},"type":"if","locations":[{"start":{"line":7,"column":2},"end":{"line":9,"column":3}},{"start":{"line":7,"column":2},"end":{"line":9,"column":3}}],"line":7}},"s":{"0":1,"1":0,"2":0,"3":0,"4":0},"f":{"0":0},"b":{"0":[0,0]},"_coverageSchema":"43e27e138ebf9cfc5966b082cf9a028302ed4184","hash":"3f87f2e99c457c132dabcdaefb62b37093d6eb54"}
,"/Users/nitinsharma/Projects/Learning/testing/featherGlobe/src/App/Demo/Container/Gallery.js": {"path":"/Users/nitinsharma/Projects/Learning/testing/featherGlobe/src/App/Demo/Container/Gallery.js","statementMap":{"0":{"start":{"line":5,"column":8},"end":{"line":9,"column":9}}},"fnMap":{"0":{"name":"(anonymous_0)","decl":{"start":{"line":4,"column":4},"end":{"line":4,"column":5}},"loc":{"start":{"line":4,"column":12},"end":{"line":10,"column":5}},"line":4}},"branchMap":{},"s":{"0":0},"f":{"0":0},"b":{},"_coverageSchema":"43e27e138ebf9cfc5966b082cf9a028302ed4184","hash":"3265c49ea9d4bb0317560ce0a8d13e4050c73e29"}
,"/Users/nitinsharma/Projects/Learning/testing/featherGlobe/src/App/Demo/Container/PostDescription.js": {"path":"/Users/nitinsharma/Projects/Learning/testing/featherGlobe/src/App/Demo/Container/PostDescription.js","statementMap":{"0":{"start":{"line":5,"column":31},"end":{"line":9,"column":1}},"1":{"start":{"line":6,"column":4},"end":{"line":8,"column":5}},"2":{"start":{"line":11,"column":34},"end":{"line":15,"column":1}},"3":{"start":{"line":12,"column":4},"end":{"line":14,"column":5}},"4":{"start":{"line":13,"column":33},"end":{"line":13,"column":68}}},"fnMap":{"0":{"name":"(anonymous_0)","decl":{"start":{"line":5,"column":31},"end":{"line":5,"column":32}},"loc":{"start":{"line":5,"column":42},"end":{"line":9,"column":1}},"line":5},"1":{"name":"(anonymous_1)","decl":{"start":{"line":11,"column":34},"end":{"line":11,"column":35}},"loc":{"start":{"line":11,"column":48},"end":{"line":15,"column":1}},"line":11},"2":{"name":"(anonymous_2)","decl":{"start":{"line":13,"column":27},"end":{"line":13,"column":28}},"loc":{"start":{"line":13,"column":33},"end":{"line":13,"column":68}},"line":13}},"branchMap":{},"s":{"0":1,"1":0,"2":1,"3":0,"4":0},"f":{"0":0,"1":0,"2":0},"b":{},"_coverageSchema":"43e27e138ebf9cfc5966b082cf9a028302ed4184","hash":"067f31eb09295b9b083cf3bef1950933fc69b867"}
,"/Users/nitinsharma/Projects/Learning/testing/featherGlobe/src/App/Demo/Container/Posts.js": {"path":"/Users/nitinsharma/Projects/Learning/testing/featherGlobe/src/App/Demo/Container/Posts.js","statementMap":{"0":{"start":{"line":7,"column":31},"end":{"line":15,"column":1}},"1":{"start":{"line":8,"column":4},"end":{"line":14,"column":5}},"2":{"start":{"line":17,"column":34},"end":{"line":27,"column":1}},"3":{"start":{"line":18,"column":4},"end":{"line":26,"column":5}},"4":{"start":{"line":19,"column":30},"end":{"line":19,"column":62}},"5":{"start":{"line":20,"column":28},"end":{"line":20,"column":49}},"6":{"start":{"line":21,"column":25},"end":{"line":21,"column":52}},"7":{"start":{"line":22,"column":28},"end":{"line":22,"column":58}},"8":{"start":{"line":23,"column":24},"end":{"line":23,"column":54}},"9":{"start":{"line":24,"column":47},"end":{"line":24,"column":96}},"10":{"start":{"line":25,"column":26},"end":{"line":25,"column":54}}},"fnMap":{"0":{"name":"(anonymous_0)","decl":{"start":{"line":7,"column":31},"end":{"line":7,"column":32}},"loc":{"start":{"line":7,"column":42},"end":{"line":15,"column":1}},"line":7},"1":{"name":"(anonymous_1)","decl":{"start":{"line":17,"column":34},"end":{"line":17,"column":35}},"loc":{"start":{"line":17,"column":46},"end":{"line":27,"column":1}},"line":17},"2":{"name":"(anonymous_2)","decl":{"start":{"line":19,"column":22},"end":{"line":19,"column":23}},"loc":{"start":{"line":19,"column":30},"end":{"line":19,"column":62}},"line":19},"3":{"name":"(anonymous_3)","decl":{"start":{"line":20,"column":22},"end":{"line":20,"column":23}},"loc":{"start":{"line":20,"column":28},"end":{"line":20,"column":49}},"line":20},"4":{"name":"(anonymous_4)","decl":{"start":{"line":21,"column":19},"end":{"line":21,"column":20}},"loc":{"start":{"line":21,"column":25},"end":{"line":21,"column":52}},"line":21},"5":{"name":"(anonymous_5)","decl":{"start":{"line":22,"column":22},"end":{"line":22,"column":23}},"loc":{"start":{"line":22,"column":28},"end":{"line":22,"column":58}},"line":22},"6":{"name":"(anonymous_6)","decl":{"start":{"line":23,"column":18},"end":{"line":23,"column":19}},"loc":{"start":{"line":23,"column":24},"end":{"line":23,"column":54}},"line":23},"7":{"name":"(anonymous_7)","decl":{"start":{"line":24,"column":31},"end":{"line":24,"column":32}},"loc":{"start":{"line":24,"column":47},"end":{"line":24,"column":96}},"line":24},"8":{"name":"(anonymous_8)","decl":{"start":{"line":25,"column":20},"end":{"line":25,"column":21}},"loc":{"start":{"line":25,"column":26},"end":{"line":25,"column":54}},"line":25}},"branchMap":{},"s":{"0":1,"1":0,"2":1,"3":0,"4":0,"5":0,"6":0,"7":0,"8":0,"9":0,"10":0},"f":{"0":0,"1":0,"2":0,"3":0,"4":0,"5":0,"6":0,"7":0,"8":0},"b":{},"_coverageSchema":"43e27e138ebf9cfc5966b082cf9a028302ed4184","hash":"72402d7d6bcf9cd9d56ce5d126c854624744d89a"}
,"/Users/nitinsharma/Projects/Learning/testing/featherGlobe/src/App/Demo/Container/Profile.js": {"path":"/Users/nitinsharma/Projects/Learning/testing/featherGlobe/src/App/Demo/Container/Profile.js","statementMap":{"0":{"start":{"line":8,"column":10},"end":{"line":11,"column":3}},"1":{"start":{"line":13,"column":22},"end":{"line":16,"column":3}},"2":{"start":{"line":15,"column":4},"end":{"line":15,"column":48}},"3":{"start":{"line":18,"column":21},"end":{"line":20,"column":3}},"4":{"start":{"line":19,"column":4},"end":{"line":19,"column":47}},"5":{"start":{"line":23,"column":4},"end":{"line":51,"column":6}},"6":{"start":{"line":40,"column":12},"end":{"line":40,"column":52}},"7":{"start":{"line":47,"column":12},"end":{"line":47,"column":29}},"8":{"start":{"line":55,"column":24},"end":{"line":62,"column":1}},"9":{"start":{"line":56,"column":2},"end":{"line":56,"column":20}},"10":{"start":{"line":57,"column":2},"end":{"line":61,"column":4}},"11":{"start":{"line":64,"column":27},"end":{"line":72,"column":1}},"12":{"start":{"line":65,"column":2},"end":{"line":71,"column":4}},"13":{"start":{"line":67,"column":6},"end":{"line":70,"column":8}}},"fnMap":{"0":{"name":"(anonymous_0)","decl":{"start":{"line":13,"column":22},"end":{"line":13,"column":23}},"loc":{"start":{"line":13,"column":31},"end":{"line":16,"column":3}},"line":13},"1":{"name":"(anonymous_1)","decl":{"start":{"line":18,"column":21},"end":{"line":18,"column":22}},"loc":{"start":{"line":18,"column":30},"end":{"line":20,"column":3}},"line":18},"2":{"name":"(anonymous_2)","decl":{"start":{"line":22,"column":2},"end":{"line":22,"column":3}},"loc":{"start":{"line":22,"column":11},"end":{"line":52,"column":3}},"line":22},"3":{"name":"(anonymous_3)","decl":{"start":{"line":39,"column":19},"end":{"line":39,"column":20}},"loc":{"start":{"line":40,"column":12},"end":{"line":40,"column":52}},"line":40},"4":{"name":"(anonymous_4)","decl":{"start":{"line":46,"column":34},"end":{"line":46,"column":35}},"loc":{"start":{"line":47,"column":12},"end":{"line":47,"column":29}},"line":47},"5":{"name":"(anonymous_5)","decl":{"start":{"line":55,"column":24},"end":{"line":55,"column":25}},"loc":{"start":{"line":55,"column":33},"end":{"line":62,"column":1}},"line":55},"6":{"name":"(anonymous_6)","decl":{"start":{"line":64,"column":27},"end":{"line":64,"column":28}},"loc":{"start":{"line":64,"column":39},"end":{"line":72,"column":1}},"line":64},"7":{"name":"(anonymous_7)","decl":{"start":{"line":66,"column":24},"end":{"line":66,"column":25}},"loc":{"start":{"line":67,"column":6},"end":{"line":70,"column":8}},"line":67}},"branchMap":{},"s":{"0":0,"1":0,"2":0,"3":0,"4":0,"5":0,"6":0,"7":0,"8":1,"9":0,"10":0,"11":1,"12":0,"13":0},"f":{"0":0,"1":0,"2":0,"3":0,"4":0,"5":0,"6":0,"7":0},"b":{},"_coverageSchema":"43e27e138ebf9cfc5966b082cf9a028302ed4184","hash":"16781ac163f98b0a2ccaf60015b4067a8b5fab7d"}
,"/Users/nitinsharma/Projects/Learning/testing/featherGlobe/src/App/Demo/Container/Users.js": {"path":"/Users/nitinsharma/Projects/Learning/testing/featherGlobe/src/App/Demo/Container/Users.js","statementMap":{"0":{"start":{"line":8,"column":24},"end":{"line":14,"column":1}},"1":{"start":{"line":9,"column":4},"end":{"line":13,"column":5}},"2":{"start":{"line":16,"column":27},"end":{"line":22,"column":1}},"3":{"start":{"line":17,"column":4},"end":{"line":21,"column":5}},"4":{"start":{"line":18,"column":27},"end":{"line":18,"column":48}},"5":{"start":{"line":19,"column":35},"end":{"line":19,"column":64}},"6":{"start":{"line":20,"column":33},"end":{"line":20,"column":60}}},"fnMap":{"0":{"name":"(anonymous_0)","decl":{"start":{"line":8,"column":24},"end":{"line":8,"column":25}},"loc":{"start":{"line":8,"column":35},"end":{"line":14,"column":1}},"line":8},"1":{"name":"(anonymous_1)","decl":{"start":{"line":16,"column":27},"end":{"line":16,"column":28}},"loc":{"start":{"line":16,"column":41},"end":{"line":22,"column":1}},"line":16},"2":{"name":"(anonymous_2)","decl":{"start":{"line":18,"column":21},"end":{"line":18,"column":22}},"loc":{"start":{"line":18,"column":27},"end":{"line":18,"column":48}},"line":18},"3":{"name":"(anonymous_3)","decl":{"start":{"line":19,"column":27},"end":{"line":19,"column":28}},"loc":{"start":{"line":19,"column":35},"end":{"line":19,"column":64}},"line":19},"4":{"name":"(anonymous_4)","decl":{"start":{"line":20,"column":27},"end":{"line":20,"column":28}},"loc":{"start":{"line":20,"column":33},"end":{"line":20,"column":60}},"line":20}},"branchMap":{},"s":{"0":1,"1":0,"2":1,"3":0,"4":0,"5":0,"6":0},"f":{"0":0,"1":0,"2":0,"3":0,"4":0},"b":{},"_coverageSchema":"43e27e138ebf9cfc5966b082cf9a028302ed4184","hash":"11ab67a84ab3095b6c915da0d48f1e504ee9f77e"}
,"/Users/nitinsharma/Projects/Learning/testing/featherGlobe/src/App/Demo/Container/counters.js": {"path":"/Users/nitinsharma/Projects/Learning/testing/featherGlobe/src/App/Demo/Container/counters.js","statementMap":{"0":{"start":{"line":13,"column":4},"end":{"line":53,"column":6}},"1":{"start":{"line":19,"column":30},"end":{"line":19,"column":62}},"2":{"start":{"line":24,"column":30},"end":{"line":24,"column":67}},"3":{"start":{"line":29,"column":30},"end":{"line":29,"column":68}},"4":{"start":{"line":34,"column":30},"end":{"line":34,"column":73}},"5":{"start":{"line":45,"column":12},"end":{"line":49,"column":14}},"6":{"start":{"line":48,"column":34},"end":{"line":48,"column":73}},"7":{"start":{"line":57,"column":24},"end":{"line":63,"column":1}},"8":{"start":{"line":58,"column":2},"end":{"line":58,"column":21}},"9":{"start":{"line":59,"column":2},"end":{"line":62,"column":4}},"10":{"start":{"line":65,"column":27},"end":{"line":71,"column":1}},"11":{"start":{"line":66,"column":2},"end":{"line":70,"column":4}},"12":{"start":{"line":67,"column":39},"end":{"line":67,"column":88}},"13":{"start":{"line":68,"column":26},"end":{"line":68,"column":60}},"14":{"start":{"line":69,"column":31},"end":{"line":69,"column":89}}},"fnMap":{"0":{"name":"(anonymous_0)","decl":{"start":{"line":12,"column":2},"end":{"line":12,"column":3}},"loc":{"start":{"line":12,"column":11},"end":{"line":54,"column":3}},"line":12},"1":{"name":"(anonymous_1)","decl":{"start":{"line":19,"column":24},"end":{"line":19,"column":25}},"loc":{"start":{"line":19,"column":30},"end":{"line":19,"column":62}},"line":19},"2":{"name":"(anonymous_2)","decl":{"start":{"line":24,"column":24},"end":{"line":24,"column":25}},"loc":{"start":{"line":24,"column":30},"end":{"line":24,"column":67}},"line":24},"3":{"name":"(anonymous_3)","decl":{"start":{"line":29,"column":24},"end":{"line":29,"column":25}},"loc":{"start":{"line":29,"column":30},"end":{"line":29,"column":68}},"line":29},"4":{"name":"(anonymous_4)","decl":{"start":{"line":34,"column":24},"end":{"line":34,"column":25}},"loc":{"start":{"line":34,"column":30},"end":{"line":34,"column":73}},"line":34},"5":{"name":"(anonymous_5)","decl":{"start":{"line":44,"column":38},"end":{"line":44,"column":39}},"loc":{"start":{"line":45,"column":12},"end":{"line":49,"column":14}},"line":45},"6":{"name":"(anonymous_6)","decl":{"start":{"line":48,"column":28},"end":{"line":48,"column":29}},"loc":{"start":{"line":48,"column":34},"end":{"line":48,"column":73}},"line":48},"7":{"name":"(anonymous_7)","decl":{"start":{"line":57,"column":24},"end":{"line":57,"column":25}},"loc":{"start":{"line":57,"column":33},"end":{"line":63,"column":1}},"line":57},"8":{"name":"(anonymous_8)","decl":{"start":{"line":65,"column":27},"end":{"line":65,"column":28}},"loc":{"start":{"line":65,"column":39},"end":{"line":71,"column":1}},"line":65},"9":{"name":"(anonymous_9)","decl":{"start":{"line":67,"column":20},"end":{"line":67,"column":21}},"loc":{"start":{"line":67,"column":39},"end":{"line":67,"column":88}},"line":67},"10":{"name":"(anonymous_10)","decl":{"start":{"line":68,"column":20},"end":{"line":68,"column":21}},"loc":{"start":{"line":68,"column":26},"end":{"line":68,"column":60}},"line":68},"11":{"name":"(anonymous_11)","decl":{"start":{"line":69,"column":20},"end":{"line":69,"column":21}},"loc":{"start":{"line":69,"column":31},"end":{"line":69,"column":89}},"line":69}},"branchMap":{},"s":{"0":0,"1":0,"2":0,"3":0,"4":0,"5":0,"6":0,"7":1,"8":0,"9":0,"10":1,"11":0,"12":0,"13":0,"14":0},"f":{"0":0,"1":0,"2":0,"3":0,"4":0,"5":0,"6":0,"7":0,"8":0,"9":0,"10":0,"11":0},"b":{},"_coverageSchema":"43e27e138ebf9cfc5966b082cf9a028302ed4184","hash":"f629c203add27080c272cf8a93d85a6107b37f76"}
,"/Users/nitinsharma/Projects/Learning/testing/featherGlobe/src/App/Demo/Container/todos.js": {"path":"/Users/nitinsharma/Projects/Learning/testing/featherGlobe/src/App/Demo/Container/todos.js","statementMap":{"0":{"start":{"line":7,"column":10},"end":{"line":11,"column":3}},"1":{"start":{"line":14,"column":4},"end":{"line":14,"column":66}},"2":{"start":{"line":17,"column":19},"end":{"line":26,"column":3}},"3":{"start":{"line":18,"column":4},"end":{"line":25,"column":5}},"4":{"start":{"line":19,"column":6},"end":{"line":22,"column":7}},"5":{"start":{"line":20,"column":8},"end":{"line":20,"column":48}},"6":{"start":{"line":21,"column":8},"end":{"line":21,"column":56}},"7":{"start":{"line":24,"column":6},"end":{"line":24,"column":33}},"8":{"start":{"line":28,"column":4},"end":{"line":50,"column":6}},"9":{"start":{"line":35,"column":25},"end":{"line":35,"column":48}},"10":{"start":{"line":38,"column":30},"end":{"line":38,"column":52}},"11":{"start":{"line":41,"column":10},"end":{"line":47,"column":12}},"12":{"start":{"line":46,"column":32},"end":{"line":46,"column":67}},"13":{"start":{"line":54,"column":24},"end":{"line":62,"column":1}},"14":{"start":{"line":56,"column":2},"end":{"line":61,"column":4}},"15":{"start":{"line":64,"column":26},"end":{"line":84,"column":1}},"16":{"start":{"line":65,"column":2},"end":{"line":83,"column":4}},"17":{"start":{"line":67,"column":6},"end":{"line":70,"column":8}},"18":{"start":{"line":73,"column":6},"end":{"line":76,"column":8}},"19":{"start":{"line":79,"column":6},"end":{"line":82,"column":8}}},"fnMap":{"0":{"name":"(anonymous_0)","decl":{"start":{"line":13,"column":2},"end":{"line":13,"column":3}},"loc":{"start":{"line":13,"column":25},"end":{"line":15,"column":3}},"line":13},"1":{"name":"(anonymous_1)","decl":{"start":{"line":17,"column":19},"end":{"line":17,"column":20}},"loc":{"start":{"line":17,"column":28},"end":{"line":26,"column":3}},"line":17},"2":{"name":"(anonymous_2)","decl":{"start":{"line":27,"column":2},"end":{"line":27,"column":3}},"loc":{"start":{"line":27,"column":11},"end":{"line":51,"column":3}},"line":27},"3":{"name":"(anonymous_3)","decl":{"start":{"line":35,"column":20},"end":{"line":35,"column":21}},"loc":{"start":{"line":35,"column":25},"end":{"line":35,"column":48}},"line":35},"4":{"name":"(anonymous_4)","decl":{"start":{"line":38,"column":25},"end":{"line":38,"column":26}},"loc":{"start":{"line":38,"column":30},"end":{"line":38,"column":52}},"line":38},"5":{"name":"(anonymous_5)","decl":{"start":{"line":40,"column":30},"end":{"line":40,"column":31}},"loc":{"start":{"line":41,"column":10},"end":{"line":47,"column":12}},"line":41},"6":{"name":"(anonymous_6)","decl":{"start":{"line":46,"column":26},"end":{"line":46,"column":27}},"loc":{"start":{"line":46,"column":32},"end":{"line":46,"column":67}},"line":46},"7":{"name":"(anonymous_7)","decl":{"start":{"line":54,"column":24},"end":{"line":54,"column":25}},"loc":{"start":{"line":54,"column":33},"end":{"line":62,"column":1}},"line":54},"8":{"name":"(anonymous_8)","decl":{"start":{"line":64,"column":26},"end":{"line":64,"column":27}},"loc":{"start":{"line":64,"column":38},"end":{"line":84,"column":1}},"line":64},"9":{"name":"(anonymous_9)","decl":{"start":{"line":66,"column":22},"end":{"line":66,"column":23}},"loc":{"start":{"line":67,"column":6},"end":{"line":70,"column":8}},"line":67},"10":{"name":"(anonymous_10)","decl":{"start":{"line":72,"column":21},"end":{"line":72,"column":22}},"loc":{"start":{"line":73,"column":6},"end":{"line":76,"column":8}},"line":73},"11":{"name":"(anonymous_11)","decl":{"start":{"line":78,"column":27},"end":{"line":78,"column":28}},"loc":{"start":{"line":79,"column":6},"end":{"line":82,"column":8}},"line":79}},"branchMap":{"0":{"loc":{"start":{"line":18,"column":4},"end":{"line":25,"column":5}},"type":"if","locations":[{"start":{"line":18,"column":4},"end":{"line":25,"column":5}},{"start":{"line":18,"column":4},"end":{"line":25,"column":5}}],"line":18},"1":{"loc":{"start":{"line":19,"column":6},"end":{"line":22,"column":7}},"type":"if","locations":[{"start":{"line":19,"column":6},"end":{"line":22,"column":7}},{"start":{"line":19,"column":6},"end":{"line":22,"column":7}}],"line":19},"2":{"loc":{"start":{"line":19,"column":10},"end":{"line":19,"column":69}},"type":"binary-expr","locations":[{"start":{"line":19,"column":10},"end":{"line":19,"column":31}},{"start":{"line":19,"column":35},"end":{"line":19,"column":69}}],"line":19}},"s":{"0":0,"1":0,"2":0,"3":0,"4":0,"5":0,"6":0,"7":0,"8":0,"9":0,"10":0,"11":0,"12":0,"13":1,"14":0,"15":1,"16":0,"17":0,"18":0,"19":0},"f":{"0":0,"1":0,"2":0,"3":0,"4":0,"5":0,"6":0,"7":0,"8":0,"9":0,"10":0,"11":0},"b":{"0":[0,0],"1":[0,0],"2":[0,0]},"_coverageSchema":"43e27e138ebf9cfc5966b082cf9a028302ed4184","hash":"271467a45adbcb1d12e1c316bb3b458877951788"}
,"/Users/nitinsharma/Projects/Learning/testing/featherGlobe/src/App/Demo/Context/UserContext.js": {"path":"/Users/nitinsharma/Projects/Learning/testing/featherGlobe/src/App/Demo/Context/UserContext.js","statementMap":{"0":{"start":{"line":4,"column":27},"end":{"line":4,"column":48}},"1":{"start":{"line":7,"column":28},"end":{"line":10,"column":6}},"2":{"start":{"line":12,"column":28},"end":{"line":12,"column":50}},"3":{"start":{"line":14,"column":4},"end":{"line":21,"column":7}},"4":{"start":{"line":15,"column":8},"end":{"line":15,"column":31}},"5":{"start":{"line":16,"column":23},"end":{"line":18,"column":9}},"6":{"start":{"line":19,"column":8},"end":{"line":19,"column":29}},"7":{"start":{"line":20,"column":8},"end":{"line":20,"column":16}},"8":{"start":{"line":22,"column":0},"end":{"line":22,"column":36}},"9":{"start":{"line":48,"column":4},"end":{"line":52,"column":5}}},"fnMap":{"0":{"name":"UserProvider","decl":{"start":{"line":5,"column":16},"end":{"line":5,"column":28}},"loc":{"start":{"line":5,"column":36},"end":{"line":53,"column":1}},"line":5},"1":{"name":"(anonymous_1)","decl":{"start":{"line":14,"column":14},"end":{"line":14,"column":15}},"loc":{"start":{"line":14,"column":26},"end":{"line":21,"column":5}},"line":14}},"branchMap":{},"s":{"0":1,"1":0,"2":0,"3":0,"4":0,"5":0,"6":0,"7":0,"8":0,"9":0},"f":{"0":0,"1":0},"b":{},"_coverageSchema":"43e27e138ebf9cfc5966b082cf9a028302ed4184","hash":"abca7d2f89b45f8889aa2fe0d0ab9ea7da4031a2"}
,"/Users/nitinsharma/Projects/Learning/testing/featherGlobe/src/App/Demo/store/actionType.js": {"path":"/Users/nitinsharma/Projects/Learning/testing/featherGlobe/src/App/Demo/store/actionType.js","statementMap":{"0":{"start":{"line":1,"column":19},"end":{"line":1,"column":24}},"1":{"start":{"line":2,"column":24},"end":{"line":2,"column":34}},"2":{"start":{"line":3,"column":21},"end":{"line":3,"column":28}},"3":{"start":{"line":4,"column":26},"end":{"line":4,"column":38}},"4":{"start":{"line":5,"column":27},"end":{"line":5,"column":40}},"5":{"start":{"line":6,"column":29},"end":{"line":6,"column":44}},"6":{"start":{"line":7,"column":30},"end":{"line":7,"column":46}},"7":{"start":{"line":8,"column":24},"end":{"line":8,"column":34}},"8":{"start":{"line":9,"column":29},"end":{"line":9,"column":44}},"9":{"start":{"line":10,"column":26},"end":{"line":10,"column":38}},"10":{"start":{"line":14,"column":29},"end":{"line":41,"column":1}},"11":{"start":{"line":15,"column":2},"end":{"line":40,"column":3}},"12":{"start":{"line":17,"column":6},"end":{"line":19,"column":8}},"13":{"start":{"line":22,"column":6},"end":{"line":24,"column":8}},"14":{"start":{"line":27,"column":6},"end":{"line":30,"column":8}},"15":{"start":{"line":33,"column":6},"end":{"line":36,"column":8}},"16":{"start":{"line":39,"column":6},"end":{"line":39,"column":13}},"17":{"start":{"line":43,"column":24},"end":{"line":47,"column":1}},"18":{"start":{"line":44,"column":2},"end":{"line":46,"column":3}},"19":{"start":{"line":50,"column":27},"end":{"line":56,"column":1}},"20":{"start":{"line":51,"column":2},"end":{"line":55,"column":3}},"21":{"start":{"line":52,"column":4},"end":{"line":54,"column":12}},"22":{"start":{"line":53,"column":6},"end":{"line":53,"column":34}}},"fnMap":{"0":{"name":"(anonymous_0)","decl":{"start":{"line":14,"column":29},"end":{"line":14,"column":30}},"loc":{"start":{"line":14,"column":48},"end":{"line":41,"column":1}},"line":14},"1":{"name":"(anonymous_1)","decl":{"start":{"line":43,"column":24},"end":{"line":43,"column":25}},"loc":{"start":{"line":43,"column":30},"end":{"line":47,"column":1}},"line":43},"2":{"name":"(anonymous_2)","decl":{"start":{"line":50,"column":27},"end":{"line":50,"column":28}},"loc":{"start":{"line":50,"column":33},"end":{"line":56,"column":1}},"line":50},"3":{"name":"(anonymous_3)","decl":{"start":{"line":51,"column":9},"end":{"line":51,"column":10}},"loc":{"start":{"line":51,"column":21},"end":{"line":55,"column":3}},"line":51},"4":{"name":"(anonymous_4)","decl":{"start":{"line":52,"column":15},"end":{"line":52,"column":16}},"loc":{"start":{"line":52,"column":21},"end":{"line":54,"column":5}},"line":52}},"branchMap":{"0":{"loc":{"start":{"line":15,"column":2},"end":{"line":40,"column":3}},"type":"switch","locations":[{"start":{"line":16,"column":4},"end":{"line":19,"column":8}},{"start":{"line":21,"column":6},"end":{"line":24,"column":8}},{"start":{"line":26,"column":6},"end":{"line":30,"column":8}},{"start":{"line":32,"column":6},"end":{"line":36,"column":8}},{"start":{"line":38,"column":4},"end":{"line":39,"column":13}}],"line":15}},"s":{"0":1,"1":1,"2":1,"3":1,"4":1,"5":1,"6":1,"7":1,"8":1,"9":1,"10":1,"11":0,"12":0,"13":0,"14":0,"15":0,"16":0,"17":1,"18":0,"19":1,"20":0,"21":0,"22":0},"f":{"0":0,"1":0,"2":0,"3":0,"4":0},"b":{"0":[0,0,0,0,0]},"_coverageSchema":"43e27e138ebf9cfc5966b082cf9a028302ed4184","hash":"9c62578dffe2678c7e1e86e4b9ab664ed02c94b3"}
,"/Users/nitinsharma/Projects/Learning/testing/featherGlobe/src/App/Home/home.js": {"path":"/Users/nitinsharma/Projects/Learning/testing/featherGlobe/src/App/Home/home.js","statementMap":{"0":{"start":{"line":4,"column":10},"end":{"line":10,"column":3}},"1":{"start":{"line":12,"column":4},"end":{"line":12,"column":49}}},"fnMap":{"0":{"name":"(anonymous_0)","decl":{"start":{"line":11,"column":2},"end":{"line":11,"column":3}},"loc":{"start":{"line":11,"column":11},"end":{"line":13,"column":3}},"line":11}},"branchMap":{},"s":{"0":1,"1":1},"f":{"0":1},"b":{},"_coverageSchema":"43e27e138ebf9cfc5966b082cf9a028302ed4184","hash":"3426713cfd2dbc013856efa5b22c09db1a9008ea"}
,"/Users/nitinsharma/Projects/Learning/testing/featherGlobe/src/App/Navigation/navigation.js": {"path":"/Users/nitinsharma/Projects/Learning/testing/featherGlobe/src/App/Navigation/navigation.js","statementMap":{"0":{"start":{"line":14,"column":4},"end":{"line":14,"column":12}},"1":{"start":{"line":15,"column":4},"end":{"line":18,"column":6}},"2":{"start":{"line":22,"column":4},"end":{"line":24,"column":5}},"3":{"start":{"line":23,"column":6},"end":{"line":23,"column":57}},"4":{"start":{"line":27,"column":21},"end":{"line":29,"column":3}},"5":{"start":{"line":28,"column":4},"end":{"line":28,"column":73}},"6":{"start":{"line":32,"column":22},"end":{"line":32,"column":30}},"7":{"start":{"line":33,"column":4},"end":{"line":37,"column":5}},"8":{"start":{"line":34,"column":6},"end":{"line":34,"column":34}},"9":{"start":{"line":36,"column":6},"end":{"line":36,"column":34}},"10":{"start":{"line":39,"column":4},"end":{"line":79,"column":6}}},"fnMap":{"0":{"name":"(anonymous_0)","decl":{"start":{"line":13,"column":2},"end":{"line":13,"column":3}},"loc":{"start":{"line":13,"column":16},"end":{"line":19,"column":3}},"line":13},"1":{"name":"(anonymous_1)","decl":{"start":{"line":21,"column":2},"end":{"line":21,"column":3}},"loc":{"start":{"line":21,"column":30},"end":{"line":25,"column":3}},"line":21},"2":{"name":"(anonymous_2)","decl":{"start":{"line":27,"column":21},"end":{"line":27,"column":22}},"loc":{"start":{"line":27,"column":27},"end":{"line":29,"column":3}},"line":27},"3":{"name":"(anonymous_3)","decl":{"start":{"line":31,"column":2},"end":{"line":31,"column":3}},"loc":{"start":{"line":31,"column":11},"end":{"line":80,"column":3}},"line":31}},"branchMap":{"0":{"loc":{"start":{"line":22,"column":4},"end":{"line":24,"column":5}},"type":"if","locations":[{"start":{"line":22,"column":4},"end":{"line":24,"column":5}},{"start":{"line":22,"column":4},"end":{"line":24,"column":5}}],"line":22},"1":{"loc":{"start":{"line":33,"column":4},"end":{"line":37,"column":5}},"type":"if","locations":[{"start":{"line":33,"column":4},"end":{"line":37,"column":5}},{"start":{"line":33,"column":4},"end":{"line":37,"column":5}}],"line":33}},"s":{"0":1,"1":1,"2":1,"3":1,"4":1,"5":0,"6":1,"7":1,"8":1,"9":0,"10":1},"f":{"0":1,"1":1,"2":0,"3":1},"b":{"0":[1,0],"1":[1,0]},"_coverageSchema":"43e27e138ebf9cfc5966b082cf9a028302ed4184","hash":"d8ffce41d3a66f5752abf80acf8d490dfc3bb175"}
,"/Users/nitinsharma/Projects/Learning/testing/featherGlobe/src/App/Photography/photography.js": {"path":"/Users/nitinsharma/Projects/Learning/testing/featherGlobe/src/App/Photography/photography.js","statementMap":{"0":{"start":{"line":4,"column":20},"end":{"line":10,"column":1}},"1":{"start":{"line":5,"column":2},"end":{"line":9,"column":3}}},"fnMap":{"0":{"name":"(anonymous_0)","decl":{"start":{"line":4,"column":20},"end":{"line":4,"column":21}},"loc":{"start":{"line":4,"column":33},"end":{"line":10,"column":1}},"line":4}},"branchMap":{},"s":{"0":1,"1":0},"f":{"0":0},"b":{},"_coverageSchema":"43e27e138ebf9cfc5966b082cf9a028302ed4184","hash":"c2643541e9b1ba1dd61747ea62730a0a2547456a"}
,"/Users/nitinsharma/Projects/Learning/testing/featherGlobe/src/App/Photography/Components/LargeImage.js": {"path":"/Users/nitinsharma/Projects/Learning/testing/featherGlobe/src/App/Photography/Components/LargeImage.js","statementMap":{"0":{"start":{"line":6,"column":19},"end":{"line":55,"column":1}},"1":{"start":{"line":8,"column":24},"end":{"line":15,"column":7}},"2":{"start":{"line":9,"column":20},"end":{"line":9,"column":51}},"3":{"start":{"line":10,"column":8},"end":{"line":14,"column":9}},"4":{"start":{"line":11,"column":12},"end":{"line":11,"column":38}},"5":{"start":{"line":12,"column":15},"end":{"line":14,"column":9}},"6":{"start":{"line":13,"column":10},"end":{"line":13,"column":32}},"7":{"start":{"line":17,"column":4},"end":{"line":54,"column":5}},"8":{"start":{"line":18,"column":21},"end":{"line":18,"column":25}},"9":{"start":{"line":19,"column":8},"end":{"line":40,"column":9}},"10":{"start":{"line":20,"column":10},"end":{"line":25,"column":13}},"11":{"start":{"line":26,"column":15},"end":{"line":40,"column":9}},"12":{"start":{"line":27,"column":12},"end":{"line":32,"column":13}},"13":{"start":{"line":34,"column":12},"end":{"line":39,"column":13}},"14":{"start":{"line":43,"column":8},"end":{"line":51,"column":9}},"15":{"start":{"line":44,"column":75},"end":{"line":44,"column":93}},"16":{"start":{"line":53,"column":8},"end":{"line":53,"column":19}},"17":{"start":{"line":58,"column":24},"end":{"line":65,"column":1}},"18":{"start":{"line":59,"column":4},"end":{"line":64,"column":5}},"19":{"start":{"line":67,"column":27},"end":{"line":73,"column":3}},"20":{"start":{"line":68,"column":4},"end":{"line":72,"column":5}},"21":{"start":{"line":69,"column":31},"end":{"line":69,"column":66}},"22":{"start":{"line":70,"column":31},"end":{"line":70,"column":66}},"23":{"start":{"line":71,"column":27},"end":{"line":71,"column":58}}},"fnMap":{"0":{"name":"(anonymous_0)","decl":{"start":{"line":6,"column":19},"end":{"line":6,"column":20}},"loc":{"start":{"line":6,"column":30},"end":{"line":55,"column":1}},"line":6},"1":{"name":"(anonymous_1)","decl":{"start":{"line":8,"column":24},"end":{"line":8,"column":25}},"loc":{"start":{"line":8,"column":31},"end":{"line":15,"column":7}},"line":8},"2":{"name":"(anonymous_2)","decl":{"start":{"line":44,"column":64},"end":{"line":44,"column":65}},"loc":{"start":{"line":44,"column":75},"end":{"line":44,"column":93}},"line":44},"3":{"name":"(anonymous_3)","decl":{"start":{"line":58,"column":24},"end":{"line":58,"column":25}},"loc":{"start":{"line":58,"column":35},"end":{"line":65,"column":1}},"line":58},"4":{"name":"(anonymous_4)","decl":{"start":{"line":67,"column":27},"end":{"line":67,"column":28}},"loc":{"start":{"line":67,"column":41},"end":{"line":73,"column":3}},"line":67},"5":{"name":"(anonymous_5)","decl":{"start":{"line":69,"column":25},"end":{"line":69,"column":26}},"loc":{"start":{"line":69,"column":31},"end":{"line":69,"column":66}},"line":69},"6":{"name":"(anonymous_6)","decl":{"start":{"line":70,"column":25},"end":{"line":70,"column":26}},"loc":{"start":{"line":70,"column":31},"end":{"line":70,"column":66}},"line":70},"7":{"name":"(anonymous_7)","decl":{"start":{"line":71,"column":21},"end":{"line":71,"column":22}},"loc":{"start":{"line":71,"column":27},"end":{"line":71,"column":58}},"line":71}},"branchMap":{"0":{"loc":{"start":{"line":9,"column":20},"end":{"line":9,"column":51}},"type":"cond-expr","locations":[{"start":{"line":9,"column":35},"end":{"line":9,"column":47}},{"start":{"line":9,"column":50},"end":{"line":9,"column":51}}],"line":9},"1":{"loc":{"start":{"line":10,"column":8},"end":{"line":14,"column":9}},"type":"if","locations":[{"start":{"line":10,"column":8},"end":{"line":14,"column":9}},{"start":{"line":10,"column":8},"end":{"line":14,"column":9}}],"line":10},"2":{"loc":{"start":{"line":12,"column":15},"end":{"line":14,"column":9}},"type":"if","locations":[{"start":{"line":12,"column":15},"end":{"line":14,"column":9}},{"start":{"line":12,"column":15},"end":{"line":14,"column":9}}],"line":12},"3":{"loc":{"start":{"line":17,"column":4},"end":{"line":54,"column":5}},"type":"if","locations":[{"start":{"line":17,"column":4},"end":{"line":54,"column":5}},{"start":{"line":17,"column":4},"end":{"line":54,"column":5}}],"line":17},"4":{"loc":{"start":{"line":19,"column":8},"end":{"line":40,"column":9}},"type":"if","locations":[{"start":{"line":19,"column":8},"end":{"line":40,"column":9}},{"start":{"line":19,"column":8},"end":{"line":40,"column":9}}],"line":19},"5":{"loc":{"start":{"line":26,"column":15},"end":{"line":40,"column":9}},"type":"if","locations":[{"start":{"line":26,"column":15},"end":{"line":40,"column":9}},{"start":{"line":26,"column":15},"end":{"line":40,"column":9}}],"line":26}},"s":{"0":1,"1":0,"2":0,"3":0,"4":0,"5":0,"6":0,"7":0,"8":0,"9":0,"10":0,"11":0,"12":0,"13":0,"14":0,"15":0,"16":0,"17":1,"18":0,"19":1,"20":0,"21":0,"22":0,"23":0},"f":{"0":0,"1":0,"2":0,"3":0,"4":0,"5":0,"6":0,"7":0},"b":{"0":[0,0],"1":[0,0],"2":[0,0],"3":[0,0],"4":[0,0],"5":[0,0]},"_coverageSchema":"43e27e138ebf9cfc5966b082cf9a028302ed4184","hash":"d080c57e3b3ffedcfd26caeb80ab1d5d28afa311"}
,"/Users/nitinsharma/Projects/Learning/testing/featherGlobe/src/App/Photography/Components/Links.js": {"path":"/Users/nitinsharma/Projects/Learning/testing/featherGlobe/src/App/Photography/Components/Links.js","statementMap":{"0":{"start":{"line":3,"column":14},"end":{"line":9,"column":1}},"1":{"start":{"line":4,"column":4},"end":{"line":8,"column":5}}},"fnMap":{"0":{"name":"(anonymous_0)","decl":{"start":{"line":3,"column":14},"end":{"line":3,"column":15}},"loc":{"start":{"line":3,"column":20},"end":{"line":9,"column":1}},"line":3}},"branchMap":{},"s":{"0":1,"1":0},"f":{"0":0},"b":{},"_coverageSchema":"43e27e138ebf9cfc5966b082cf9a028302ed4184","hash":"421c545fa99876d1b4cf361c227623e70e9d6f1e"}
,"/Users/nitinsharma/Projects/Learning/testing/featherGlobe/src/App/Photography/Components/Photo.js": {"path":"/Users/nitinsharma/Projects/Learning/testing/featherGlobe/src/App/Photography/Components/Photo.js","statementMap":{"0":{"start":{"line":6,"column":4},"end":{"line":6,"column":11}},"1":{"start":{"line":7,"column":4},"end":{"line":9,"column":5}},"2":{"start":{"line":10,"column":4},"end":{"line":10,"column":38}},"3":{"start":{"line":14,"column":4},"end":{"line":14,"column":71}},"4":{"start":{"line":17,"column":19},"end":{"line":23,"column":3}},"5":{"start":{"line":18,"column":23},"end":{"line":18,"column":74}},"6":{"start":{"line":19,"column":4},"end":{"line":22,"column":6}},"7":{"start":{"line":26,"column":4},"end":{"line":35,"column":5}}},"fnMap":{"0":{"name":"(anonymous_0)","decl":{"start":{"line":5,"column":2},"end":{"line":5,"column":3}},"loc":{"start":{"line":5,"column":15},"end":{"line":11,"column":3}},"line":5},"1":{"name":"(anonymous_1)","decl":{"start":{"line":13,"column":2},"end":{"line":13,"column":3}},"loc":{"start":{"line":13,"column":21},"end":{"line":15,"column":3}},"line":13},"2":{"name":"(anonymous_2)","decl":{"start":{"line":17,"column":19},"end":{"line":17,"column":20}},"loc":{"start":{"line":17,"column":25},"end":{"line":23,"column":3}},"line":17},"3":{"name":"(anonymous_3)","decl":{"start":{"line":25,"column":2},"end":{"line":25,"column":3}},"loc":{"start":{"line":25,"column":10},"end":{"line":36,"column":3}},"line":25}},"branchMap":{},"s":{"0":0,"1":0,"2":0,"3":0,"4":0,"5":0,"6":0,"7":0},"f":{"0":0,"1":0,"2":0,"3":0},"b":{},"_coverageSchema":"43e27e138ebf9cfc5966b082cf9a028302ed4184","hash":"2e8adf303b417d0819664de1ef7f5b7d6a6da3ec"}
,"/Users/nitinsharma/Projects/Learning/testing/featherGlobe/src/App/Photography/Components/PhotoNav.js": {"path":"/Users/nitinsharma/Projects/Learning/testing/featherGlobe/src/App/Photography/Components/PhotoNav.js","statementMap":{"0":{"start":{"line":7,"column":17},"end":{"line":40,"column":1}},"1":{"start":{"line":8,"column":2},"end":{"line":39,"column":4}}},"fnMap":{"0":{"name":"(anonymous_0)","decl":{"start":{"line":7,"column":17},"end":{"line":7,"column":18}},"loc":{"start":{"line":7,"column":26},"end":{"line":40,"column":1}},"line":7}},"branchMap":{},"s":{"0":1,"1":0},"f":{"0":0},"b":{},"_coverageSchema":"43e27e138ebf9cfc5966b082cf9a028302ed4184","hash":"97fdc90c3d8a43604d7f8c4a634ad36041cce0bd"}
,"/Users/nitinsharma/Projects/Learning/testing/featherGlobe/src/App/Photography/Components/Photos.js": {"path":"/Users/nitinsharma/Projects/Learning/testing/featherGlobe/src/App/Photography/Components/Photos.js","statementMap":{"0":{"start":{"line":10,"column":15},"end":{"line":24,"column":1}},"1":{"start":{"line":12,"column":2},"end":{"line":23,"column":3}},"2":{"start":{"line":17,"column":10},"end":{"line":19,"column":11}},"3":{"start":{"line":18,"column":44},"end":{"line":18,"column":73}},"4":{"start":{"line":26,"column":24},"end":{"line":30,"column":1}},"5":{"start":{"line":27,"column":2},"end":{"line":29,"column":3}},"6":{"start":{"line":32,"column":27},"end":{"line":36,"column":1}},"7":{"start":{"line":33,"column":2},"end":{"line":35,"column":3}},"8":{"start":{"line":34,"column":33},"end":{"line":34,"column":72}}},"fnMap":{"0":{"name":"(anonymous_0)","decl":{"start":{"line":10,"column":15},"end":{"line":10,"column":16}},"loc":{"start":{"line":10,"column":26},"end":{"line":24,"column":1}},"line":10},"1":{"name":"(anonymous_1)","decl":{"start":{"line":16,"column":26},"end":{"line":16,"column":27}},"loc":{"start":{"line":16,"column":44},"end":{"line":20,"column":9}},"line":16},"2":{"name":"(anonymous_2)","decl":{"start":{"line":18,"column":33},"end":{"line":18,"column":34}},"loc":{"start":{"line":18,"column":44},"end":{"line":18,"column":73}},"line":18},"3":{"name":"(anonymous_3)","decl":{"start":{"line":26,"column":24},"end":{"line":26,"column":25}},"loc":{"start":{"line":26,"column":35},"end":{"line":30,"column":1}},"line":26},"4":{"name":"(anonymous_4)","decl":{"start":{"line":32,"column":27},"end":{"line":32,"column":28}},"loc":{"start":{"line":32,"column":41},"end":{"line":36,"column":1}},"line":32},"5":{"name":"(anonymous_5)","decl":{"start":{"line":34,"column":22},"end":{"line":34,"column":23}},"loc":{"start":{"line":34,"column":33},"end":{"line":34,"column":72}},"line":34}},"branchMap":{},"s":{"0":1,"1":0,"2":0,"3":0,"4":1,"5":0,"6":1,"7":0,"8":0},"f":{"0":0,"1":0,"2":0,"3":0,"4":0,"5":0},"b":{},"_coverageSchema":"43e27e138ebf9cfc5966b082cf9a028302ed4184","hash":"a96a2c31bb17db44d8564bab4522c647550fe465"}
,"/Users/nitinsharma/Projects/Learning/testing/featherGlobe/src/App/Profile/profile.js": {"path":"/Users/nitinsharma/Projects/Learning/testing/featherGlobe/src/App/Profile/profile.js","statementMap":{"0":{"start":{"line":5,"column":16},"end":{"line":11,"column":1}},"1":{"start":{"line":6,"column":2},"end":{"line":10,"column":4}}},"fnMap":{"0":{"name":"(anonymous_0)","decl":{"start":{"line":5,"column":16},"end":{"line":5,"column":17}},"loc":{"start":{"line":5,"column":31},"end":{"line":11,"column":1}},"line":5}},"branchMap":{},"s":{"0":1,"1":0},"f":{"0":0},"b":{},"_coverageSchema":"43e27e138ebf9cfc5966b082cf9a028302ed4184","hash":"602bb40e8a5227106f4b1a18be1cb9055a9fb4c0"}
,"/Users/nitinsharma/Projects/Learning/testing/featherGlobe/src/App/Profile/Components/ProfileNav.js": {"path":"/Users/nitinsharma/Projects/Learning/testing/featherGlobe/src/App/Profile/Components/ProfileNav.js","statementMap":{"0":{"start":{"line":10,"column":19},"end":{"line":56,"column":1}},"1":{"start":{"line":13,"column":2},"end":{"line":55,"column":4}}},"fnMap":{"0":{"name":"(anonymous_0)","decl":{"start":{"line":10,"column":19},"end":{"line":10,"column":20}},"loc":{"start":{"line":10,"column":30},"end":{"line":56,"column":1}},"line":10}},"branchMap":{},"s":{"0":1,"1":0},"f":{"0":0},"b":{},"_coverageSchema":"43e27e138ebf9cfc5966b082cf9a028302ed4184","hash":"dac869f172fcba384654fba88120d3e54d29d480"}
,"/Users/nitinsharma/Projects/Learning/testing/featherGlobe/src/App/Profile/Components/about.js": {"path":"/Users/nitinsharma/Projects/Learning/testing/featherGlobe/src/App/Profile/Components/about.js","statementMap":{"0":{"start":{"line":4,"column":14},"end":{"line":39,"column":1}},"1":{"start":{"line":5,"column":2},"end":{"line":38,"column":4}}},"fnMap":{"0":{"name":"(anonymous_0)","decl":{"start":{"line":4,"column":14},"end":{"line":4,"column":15}},"loc":{"start":{"line":4,"column":20},"end":{"line":39,"column":1}},"line":4}},"branchMap":{},"s":{"0":1,"1":0},"f":{"0":0},"b":{},"_coverageSchema":"43e27e138ebf9cfc5966b082cf9a028302ed4184","hash":"eff0e3b2e5d0c24b1f551fcbe2afee9fd98759f1"}
,"/Users/nitinsharma/Projects/Learning/testing/featherGlobe/src/App/Profile/Components/contact.js": {"path":"/Users/nitinsharma/Projects/Learning/testing/featherGlobe/src/App/Profile/Components/contact.js","statementMap":{"0":{"start":{"line":4,"column":16},"end":{"line":10,"column":1}},"1":{"start":{"line":5,"column":2},"end":{"line":9,"column":4}}},"fnMap":{"0":{"name":"(anonymous_0)","decl":{"start":{"line":4,"column":16},"end":{"line":4,"column":17}},"loc":{"start":{"line":4,"column":22},"end":{"line":10,"column":1}},"line":4}},"branchMap":{},"s":{"0":1,"1":0},"f":{"0":0},"b":{},"_coverageSchema":"43e27e138ebf9cfc5966b082cf9a028302ed4184","hash":"7b546db68fc419af06d4af5a570ecc5f75266f03"}
,"/Users/nitinsharma/Projects/Learning/testing/featherGlobe/src/App/Profile/Components/experience.js": {"path":"/Users/nitinsharma/Projects/Learning/testing/featherGlobe/src/App/Profile/Components/experience.js","statementMap":{"0":{"start":{"line":4,"column":19},"end":{"line":47,"column":1}},"1":{"start":{"line":5,"column":2},"end":{"line":46,"column":3}}},"fnMap":{"0":{"name":"(anonymous_0)","decl":{"start":{"line":4,"column":19},"end":{"line":4,"column":20}},"loc":{"start":{"line":4,"column":25},"end":{"line":47,"column":1}},"line":4}},"branchMap":{},"s":{"0":1,"1":0},"f":{"0":0},"b":{},"_coverageSchema":"43e27e138ebf9cfc5966b082cf9a028302ed4184","hash":"607d7c37c8da7bf689e9ee17ed214b6617d600b5"}
,"/Users/nitinsharma/Projects/Learning/testing/featherGlobe/src/App/Profile/Components/skills.js": {"path":"/Users/nitinsharma/Projects/Learning/testing/featherGlobe/src/App/Profile/Components/skills.js","statementMap":{"0":{"start":{"line":4,"column":15},"end":{"line":28,"column":1}},"1":{"start":{"line":5,"column":2},"end":{"line":27,"column":3}}},"fnMap":{"0":{"name":"(anonymous_0)","decl":{"start":{"line":4,"column":15},"end":{"line":4,"column":16}},"loc":{"start":{"line":4,"column":21},"end":{"line":28,"column":1}},"line":4}},"branchMap":{},"s":{"0":1,"1":0},"f":{"0":0},"b":{},"_coverageSchema":"43e27e138ebf9cfc5966b082cf9a028302ed4184","hash":"8938de05c53f6df0a6d389645dd98d2c315983ac"}
,"/Users/nitinsharma/Projects/Learning/testing/featherGlobe/src/App/Profile/Components/uiDesigning.js": {"path":"/Users/nitinsharma/Projects/Learning/testing/featherGlobe/src/App/Profile/Components/uiDesigning.js","statementMap":{"0":{"start":{"line":4,"column":20},"end":{"line":10,"column":1}},"1":{"start":{"line":5,"column":2},"end":{"line":9,"column":3}}},"fnMap":{"0":{"name":"(anonymous_0)","decl":{"start":{"line":4,"column":20},"end":{"line":4,"column":21}},"loc":{"start":{"line":4,"column":26},"end":{"line":10,"column":1}},"line":4}},"branchMap":{},"s":{"0":1,"1":0},"f":{"0":0},"b":{},"_coverageSchema":"43e27e138ebf9cfc5966b082cf9a028302ed4184","hash":"f38967779e2759618173bee3b81d76fc37775a7e"}
,"/Users/nitinsharma/Projects/Learning/testing/featherGlobe/src/App/Services/FetchPosts.js": {"path":"/Users/nitinsharma/Projects/Learning/testing/featherGlobe/src/App/Services/FetchPosts.js","statementMap":{"0":{"start":{"line":5,"column":25},"end":{"line":18,"column":3}},"1":{"start":{"line":6,"column":4},"end":{"line":17,"column":6}},"2":{"start":{"line":7,"column":18},"end":{"line":7,"column":61}},"3":{"start":{"line":8,"column":6},"end":{"line":16,"column":11}},"4":{"start":{"line":11,"column":10},"end":{"line":11,"column":46}},"5":{"start":{"line":12,"column":10},"end":{"line":12,"column":31}},"6":{"start":{"line":15,"column":10},"end":{"line":15,"column":43}}},"fnMap":{"0":{"name":"(anonymous_0)","decl":{"start":{"line":5,"column":25},"end":{"line":5,"column":26}},"loc":{"start":{"line":5,"column":31},"end":{"line":18,"column":3}},"line":5},"1":{"name":"(anonymous_1)","decl":{"start":{"line":6,"column":11},"end":{"line":6,"column":12}},"loc":{"start":{"line":6,"column":23},"end":{"line":17,"column":5}},"line":6},"2":{"name":"(anonymous_2)","decl":{"start":{"line":10,"column":14},"end":{"line":10,"column":15}},"loc":{"start":{"line":10,"column":26},"end":{"line":13,"column":9}},"line":10},"3":{"name":"(anonymous_3)","decl":{"start":{"line":14,"column":15},"end":{"line":14,"column":16}},"loc":{"start":{"line":14,"column":24},"end":{"line":16,"column":9}},"line":14}},"branchMap":{},"s":{"0":1,"1":0,"2":0,"3":0,"4":0,"5":0,"6":0},"f":{"0":0,"1":0,"2":0,"3":0},"b":{},"_coverageSchema":"43e27e138ebf9cfc5966b082cf9a028302ed4184","hash":"fa7e0bb4c3c70db55257f793f148375f8ccd0692"}
,"/Users/nitinsharma/Projects/Learning/testing/featherGlobe/src/App/Services/FetchUsers.js": {"path":"/Users/nitinsharma/Projects/Learning/testing/featherGlobe/src/App/Services/FetchUsers.js","statementMap":{"0":{"start":{"line":4,"column":25},"end":{"line":18,"column":3}},"1":{"start":{"line":5,"column":2},"end":{"line":5,"column":10}},"2":{"start":{"line":6,"column":4},"end":{"line":17,"column":6}},"3":{"start":{"line":7,"column":18},"end":{"line":7,"column":61}},"4":{"start":{"line":8,"column":6},"end":{"line":16,"column":11}},"5":{"start":{"line":11,"column":10},"end":{"line":11,"column":46}},"6":{"start":{"line":12,"column":10},"end":{"line":12,"column":31}},"7":{"start":{"line":15,"column":10},"end":{"line":15,"column":44}},"8":{"start":{"line":20,"column":33},"end":{"line":30,"column":3}},"9":{"start":{"line":21,"column":4},"end":{"line":29,"column":5}},"10":{"start":{"line":22,"column":18},"end":{"line":22,"column":61}},"11":{"start":{"line":23,"column":6},"end":{"line":27,"column":8}},"12":{"start":{"line":26,"column":8},"end":{"line":26,"column":50}}},"fnMap":{"0":{"name":"(anonymous_0)","decl":{"start":{"line":4,"column":25},"end":{"line":4,"column":26}},"loc":{"start":{"line":4,"column":31},"end":{"line":18,"column":3}},"line":4},"1":{"name":"(anonymous_1)","decl":{"start":{"line":6,"column":11},"end":{"line":6,"column":12}},"loc":{"start":{"line":6,"column":23},"end":{"line":17,"column":5}},"line":6},"2":{"name":"(anonymous_2)","decl":{"start":{"line":10,"column":14},"end":{"line":10,"column":15}},"loc":{"start":{"line":10,"column":26},"end":{"line":13,"column":9}},"line":10},"3":{"name":"(anonymous_3)","decl":{"start":{"line":14,"column":15},"end":{"line":14,"column":16}},"loc":{"start":{"line":14,"column":24},"end":{"line":16,"column":9}},"line":14},"4":{"name":"(anonymous_4)","decl":{"start":{"line":20,"column":33},"end":{"line":20,"column":34}},"loc":{"start":{"line":20,"column":41},"end":{"line":30,"column":3}},"line":20},"5":{"name":"(anonymous_5)","decl":{"start":{"line":21,"column":11},"end":{"line":21,"column":12}},"loc":{"start":{"line":21,"column":23},"end":{"line":29,"column":5}},"line":21},"6":{"name":"(anonymous_6)","decl":{"start":{"line":25,"column":12},"end":{"line":25,"column":13}},"loc":{"start":{"line":25,"column":24},"end":{"line":27,"column":7}},"line":25}},"branchMap":{},"s":{"0":1,"1":0,"2":0,"3":0,"4":0,"5":0,"6":0,"7":0,"8":1,"9":0,"10":0,"11":0,"12":0},"f":{"0":0,"1":0,"2":0,"3":0,"4":0,"5":0,"6":0},"b":{},"_coverageSchema":"43e27e138ebf9cfc5966b082cf9a028302ed4184","hash":"81ba5a6a23dbca8ca24f66a2bfbe9282506490ca"}
,"/Users/nitinsharma/Projects/Learning/testing/featherGlobe/src/App/Store/createStore.js": {"path":"/Users/nitinsharma/Projects/Learning/testing/featherGlobe/src/App/Store/createStore.js","statementMap":{"0":{"start":{"line":5,"column":24},"end":{"line":5,"column":78}},"1":{"start":{"line":6,"column":27},"end":{"line":6,"column":34}},"2":{"start":{"line":7,"column":41},"end":{"line":9,"column":14}},"3":{"start":{"line":10,"column":21},"end":{"line":10,"column":59}}},"fnMap":{},"branchMap":{"0":{"loc":{"start":{"line":5,"column":24},"end":{"line":5,"column":78}},"type":"binary-expr","locations":[{"start":{"line":5,"column":24},"end":{"line":5,"column":67}},{"start":{"line":5,"column":71},"end":{"line":5,"column":78}}],"line":5}},"s":{"0":1,"1":1,"2":1,"3":1},"f":{},"b":{"0":[1,1]},"_coverageSchema":"43e27e138ebf9cfc5966b082cf9a028302ed4184","hash":"1dd108776130b5e9747ca14542e435471fe3516e"}
,"/Users/nitinsharma/Projects/Learning/testing/featherGlobe/src/App/Store/Actions/actionType.js": {"path":"/Users/nitinsharma/Projects/Learning/testing/featherGlobe/src/App/Store/Actions/actionType.js","statementMap":{"0":{"start":{"line":1,"column":33},"end":{"line":1,"column":52}},"1":{"start":{"line":2,"column":27},"end":{"line":2,"column":40}},"2":{"start":{"line":3,"column":19},"end":{"line":3,"column":24}},"3":{"start":{"line":4,"column":27},"end":{"line":4,"column":40}},"4":{"start":{"line":5,"column":32},"end":{"line":5,"column":50}},"5":{"start":{"line":6,"column":37},"end":{"line":6,"column":60}},"6":{"start":{"line":7,"column":24},"end":{"line":7,"column":34}},"7":{"start":{"line":8,"column":27},"end":{"line":8,"column":40}},"8":{"start":{"line":9,"column":27},"end":{"line":9,"column":40}},"9":{"start":{"line":10,"column":25},"end":{"line":10,"column":36}},"10":{"start":{"line":11,"column":32},"end":{"line":11,"column":50}},"11":{"start":{"line":12,"column":32},"end":{"line":12,"column":50}},"12":{"start":{"line":13,"column":32},"end":{"line":13,"column":50}},"13":{"start":{"line":14,"column":28},"end":{"line":14,"column":42}},"14":{"start":{"line":15,"column":27},"end":{"line":15,"column":40}},"15":{"start":{"line":16,"column":34},"end":{"line":16,"column":54}},"16":{"start":{"line":17,"column":35},"end":{"line":17,"column":56}}},"fnMap":{},"branchMap":{},"s":{"0":1,"1":1,"2":1,"3":1,"4":1,"5":1,"6":1,"7":1,"8":1,"9":1,"10":1,"11":1,"12":1,"13":1,"14":1,"15":1,"16":1},"f":{},"b":{},"_coverageSchema":"43e27e138ebf9cfc5966b082cf9a028302ed4184","hash":"e146e85693f2b23e2dd4e61cd627f36aec7de235"}
,"/Users/nitinsharma/Projects/Learning/testing/featherGlobe/src/App/Store/Actions/actions.js": {"path":"/Users/nitinsharma/Projects/Learning/testing/featherGlobe/src/App/Store/Actions/actions.js","statementMap":{"0":{"start":{"line":5,"column":26},"end":{"line":11,"column":1}},"1":{"start":{"line":7,"column":2},"end":{"line":10,"column":4}},"2":{"start":{"line":13,"column":31},"end":{"line":17,"column":1}},"3":{"start":{"line":14,"column":2},"end":{"line":16,"column":4}},"4":{"start":{"line":19,"column":30},"end":{"line":25,"column":1}},"5":{"start":{"line":21,"column":2},"end":{"line":24,"column":3}},"6":{"start":{"line":27,"column":26},"end":{"line":33,"column":1}},"7":{"start":{"line":29,"column":2},"end":{"line":32,"column":3}},"8":{"start":{"line":35,"column":31},"end":{"line":39,"column":1}},"9":{"start":{"line":36,"column":2},"end":{"line":38,"column":3}},"10":{"start":{"line":41,"column":27},"end":{"line":45,"column":1}},"11":{"start":{"line":42,"column":2},"end":{"line":44,"column":3}},"12":{"start":{"line":47,"column":31},"end":{"line":52,"column":1}},"13":{"start":{"line":48,"column":2},"end":{"line":48,"column":10}},"14":{"start":{"line":49,"column":2},"end":{"line":51,"column":3}},"15":{"start":{"line":54,"column":35},"end":{"line":60,"column":1}},"16":{"start":{"line":56,"column":2},"end":{"line":59,"column":3}},"17":{"start":{"line":62,"column":23},"end":{"line":66,"column":1}},"18":{"start":{"line":63,"column":2},"end":{"line":65,"column":3}},"19":{"start":{"line":68,"column":24},"end":{"line":72,"column":1}},"20":{"start":{"line":69,"column":2},"end":{"line":71,"column":3}},"21":{"start":{"line":74,"column":26},"end":{"line":78,"column":1}},"22":{"start":{"line":75,"column":2},"end":{"line":77,"column":3}},"23":{"start":{"line":80,"column":26},"end":{"line":84,"column":1}},"24":{"start":{"line":81,"column":2},"end":{"line":83,"column":3}}},"fnMap":{"0":{"name":"(anonymous_0)","decl":{"start":{"line":5,"column":26},"end":{"line":5,"column":27}},"loc":{"start":{"line":5,"column":35},"end":{"line":11,"column":1}},"line":5},"1":{"name":"(anonymous_1)","decl":{"start":{"line":13,"column":31},"end":{"line":13,"column":32}},"loc":{"start":{"line":13,"column":40},"end":{"line":17,"column":1}},"line":13},"2":{"name":"(anonymous_2)","decl":{"start":{"line":19,"column":30},"end":{"line":19,"column":31}},"loc":{"start":{"line":19,"column":37},"end":{"line":25,"column":1}},"line":19},"3":{"name":"(anonymous_3)","decl":{"start":{"line":27,"column":26},"end":{"line":27,"column":27}},"loc":{"start":{"line":27,"column":34},"end":{"line":33,"column":1}},"line":27},"4":{"name":"(anonymous_4)","decl":{"start":{"line":35,"column":31},"end":{"line":35,"column":32}},"loc":{"start":{"line":35,"column":37},"end":{"line":39,"column":1}},"line":35},"5":{"name":"(anonymous_5)","decl":{"start":{"line":41,"column":27},"end":{"line":41,"column":28}},"loc":{"start":{"line":41,"column":33},"end":{"line":45,"column":1}},"line":41},"6":{"name":"(anonymous_6)","decl":{"start":{"line":47,"column":31},"end":{"line":47,"column":32}},"loc":{"start":{"line":47,"column":37},"end":{"line":52,"column":1}},"line":47},"7":{"name":"(anonymous_7)","decl":{"start":{"line":54,"column":35},"end":{"line":54,"column":36}},"loc":{"start":{"line":54,"column":55},"end":{"line":60,"column":1}},"line":54},"8":{"name":"(anonymous_8)","decl":{"start":{"line":62,"column":23},"end":{"line":62,"column":24}},"loc":{"start":{"line":62,"column":29},"end":{"line":66,"column":1}},"line":62},"9":{"name":"(anonymous_9)","decl":{"start":{"line":68,"column":24},"end":{"line":68,"column":25}},"loc":{"start":{"line":68,"column":30},"end":{"line":72,"column":1}},"line":68},"10":{"name":"(anonymous_10)","decl":{"start":{"line":74,"column":26},"end":{"line":74,"column":27}},"loc":{"start":{"line":74,"column":32},"end":{"line":78,"column":1}},"line":74},"11":{"name":"(anonymous_11)","decl":{"start":{"line":80,"column":26},"end":{"line":80,"column":27}},"loc":{"start":{"line":80,"column":32},"end":{"line":84,"column":1}},"line":80}},"branchMap":{},"s":{"0":1,"1":0,"2":1,"3":0,"4":1,"5":0,"6":1,"7":0,"8":1,"9":0,"10":1,"11":0,"12":1,"13":0,"14":0,"15":1,"16":0,"17":1,"18":0,"19":1,"20":0,"21":1,"22":0,"23":1,"24":0},"f":{"0":0,"1":0,"2":0,"3":0,"4":0,"5":0,"6":0,"7":0,"8":0,"9":0,"10":0,"11":0},"b":{},"_coverageSchema":"43e27e138ebf9cfc5966b082cf9a028302ed4184","hash":"99604a1b9975b9787456d164223fb847e86e1396"}
,"/Users/nitinsharma/Projects/Learning/testing/featherGlobe/src/App/Store/Actions/users.js": {"path":"/Users/nitinsharma/Projects/Learning/testing/featherGlobe/src/App/Store/Actions/users.js","statementMap":{"0":{"start":{"line":4,"column":4},"end":{"line":7,"column":5}},"1":{"start":{"line":11,"column":4},"end":{"line":14,"column":5}},"2":{"start":{"line":18,"column":4},"end":{"line":21,"column":5}},"3":{"start":{"line":25,"column":4},"end":{"line":27,"column":5}}},"fnMap":{"0":{"name":"fetchUsers","decl":{"start":{"line":3,"column":16},"end":{"line":3,"column":26}},"loc":{"start":{"line":3,"column":32},"end":{"line":8,"column":1}},"line":3},"1":{"name":"fetchSelectedUser","decl":{"start":{"line":10,"column":16},"end":{"line":10,"column":33}},"loc":{"start":{"line":10,"column":40},"end":{"line":15,"column":1}},"line":10},"2":{"name":"fetchUsersFailed","decl":{"start":{"line":17,"column":16},"end":{"line":17,"column":32}},"loc":{"start":{"line":17,"column":34},"end":{"line":22,"column":1}},"line":17},"3":{"name":"backdropClicked","decl":{"start":{"line":24,"column":16},"end":{"line":24,"column":31}},"loc":{"start":{"line":24,"column":33},"end":{"line":28,"column":1}},"line":24}},"branchMap":{},"s":{"0":0,"1":0,"2":0,"3":0},"f":{"0":0,"1":0,"2":0,"3":0},"b":{},"_coverageSchema":"43e27e138ebf9cfc5966b082cf9a028302ed4184","hash":"7133e3b953c5194ab828d870462ca9ef594a7058"}
,"/Users/nitinsharma/Projects/Learning/testing/featherGlobe/src/App/Store/Reducers/appReducer.js": {"path":"/Users/nitinsharma/Projects/Learning/testing/featherGlobe/src/App/Store/Reducers/appReducer.js","statementMap":{"0":{"start":{"line":1,"column":21},"end":{"line":3,"column":1}},"1":{"start":{"line":5,"column":16},"end":{"line":36,"column":1}},"2":{"start":{"line":6,"column":2},"end":{"line":35,"column":3}},"3":{"start":{"line":8,"column":6},"end":{"line":11,"column":8}},"4":{"start":{"line":14,"column":6},"end":{"line":17,"column":8}},"5":{"start":{"line":20,"column":6},"end":{"line":23,"column":8}},"6":{"start":{"line":26,"column":6},"end":{"line":29,"column":8}},"7":{"start":{"line":32,"column":6},"end":{"line":34,"column":8}}},"fnMap":{"0":{"name":"(anonymous_0)","decl":{"start":{"line":5,"column":16},"end":{"line":5,"column":17}},"loc":{"start":{"line":5,"column":50},"end":{"line":36,"column":1}},"line":5}},"branchMap":{"0":{"loc":{"start":{"line":5,"column":17},"end":{"line":5,"column":37}},"type":"default-arg","locations":[{"start":{"line":5,"column":25},"end":{"line":5,"column":37}}],"line":5},"1":{"loc":{"start":{"line":6,"column":2},"end":{"line":35,"column":3}},"type":"switch","locations":[{"start":{"line":7,"column":4},"end":{"line":11,"column":8}},{"start":{"line":13,"column":4},"end":{"line":17,"column":8}},{"start":{"line":19,"column":4},"end":{"line":23,"column":8}},{"start":{"line":25,"column":6},"end":{"line":29,"column":8}},{"start":{"line":31,"column":4},"end":{"line":34,"column":8}}],"line":6}},"s":{"0":1,"1":1,"2":3,"3":0,"4":0,"5":0,"6":0,"7":3},"f":{"0":3},"b":{"0":[3],"1":[0,0,0,0,3]},"_coverageSchema":"43e27e138ebf9cfc5966b082cf9a028302ed4184","hash":"db61f1635f94a6198a052cf357bbad76e7415400"}
,"/Users/nitinsharma/Projects/Learning/testing/featherGlobe/src/App/Store/Reducers/galleryReducer.js": {"path":"/Users/nitinsharma/Projects/Learning/testing/featherGlobe/src/App/Store/Reducers/galleryReducer.js","statementMap":{"0":{"start":{"line":2,"column":21},"end":{"line":73,"column":1}},"1":{"start":{"line":76,"column":23},"end":{"line":134,"column":1}},"2":{"start":{"line":78,"column":4},"end":{"line":78,"column":19}},"3":{"start":{"line":79,"column":20},"end":{"line":79,"column":83}},"4":{"start":{"line":79,"column":47},"end":{"line":79,"column":82}},"5":{"start":{"line":80,"column":4},"end":{"line":80,"column":24}},"6":{"start":{"line":84,"column":2},"end":{"line":133,"column":3}},"7":{"start":{"line":86,"column":6},"end":{"line":91,"column":7}},"8":{"start":{"line":94,"column":6},"end":{"line":97,"column":7}},"9":{"start":{"line":100,"column":6},"end":{"line":111,"column":7}},"10":{"start":{"line":101,"column":23},"end":{"line":101,"column":73}},"11":{"start":{"line":102,"column":8},"end":{"line":106,"column":9}},"12":{"start":{"line":108,"column":8},"end":{"line":110,"column":9}},"13":{"start":{"line":114,"column":6},"end":{"line":114,"column":56}},"14":{"start":{"line":116,"column":6},"end":{"line":127,"column":7}},"15":{"start":{"line":117,"column":23},"end":{"line":117,"column":73}},"16":{"start":{"line":118,"column":8},"end":{"line":122,"column":9}},"17":{"start":{"line":124,"column":8},"end":{"line":126,"column":9}},"18":{"start":{"line":129,"column":6},"end":{"line":131,"column":7}}},"fnMap":{"0":{"name":"(anonymous_0)","decl":{"start":{"line":76,"column":23},"end":{"line":76,"column":24}},"loc":{"start":{"line":76,"column":57},"end":{"line":134,"column":1}},"line":76},"1":{"name":"findImage","decl":{"start":{"line":77,"column":11},"end":{"line":77,"column":20}},"loc":{"start":{"line":77,"column":25},"end":{"line":81,"column":3}},"line":77},"2":{"name":"(anonymous_2)","decl":{"start":{"line":79,"column":38},"end":{"line":79,"column":39}},"loc":{"start":{"line":79,"column":47},"end":{"line":79,"column":82}},"line":79}},"branchMap":{"0":{"loc":{"start":{"line":76,"column":24},"end":{"line":76,"column":44}},"type":"default-arg","locations":[{"start":{"line":76,"column":32},"end":{"line":76,"column":44}}],"line":76},"1":{"loc":{"start":{"line":84,"column":2},"end":{"line":133,"column":3}},"type":"switch","locations":[{"start":{"line":85,"column":4},"end":{"line":91,"column":7}},{"start":{"line":93,"column":4},"end":{"line":97,"column":7}},{"start":{"line":99,"column":4},"end":{"line":111,"column":7}},{"start":{"line":113,"column":4},"end":{"line":127,"column":7}},{"start":{"line":128,"column":4},"end":{"line":132,"column":5}}],"line":84},"2":{"loc":{"start":{"line":100,"column":6},"end":{"line":111,"column":7}},"type":"if","locations":[{"start":{"line":100,"column":6},"end":{"line":111,"column":7}},{"start":{"line":100,"column":6},"end":{"line":111,"column":7}}],"line":100},"3":{"loc":{"start":{"line":116,"column":6},"end":{"line":127,"column":7}},"type":"if","locations":[{"start":{"line":116,"column":6},"end":{"line":127,"column":7}},{"start":{"line":116,"column":6},"end":{"line":127,"column":7}}],"line":116}},"s":{"0":1,"1":1,"2":0,"3":0,"4":0,"5":0,"6":3,"7":0,"8":0,"9":0,"10":0,"11":0,"12":0,"13":0,"14":0,"15":0,"16":0,"17":0,"18":3},"f":{"0":3,"1":0,"2":0},"b":{"0":[3],"1":[0,0,0,0,3],"2":[0,0],"3":[0,0]},"_coverageSchema":"43e27e138ebf9cfc5966b082cf9a028302ed4184","hash":"5d8ed955ea174dd236210f14a32433d6574b2c1b"}
,"/Users/nitinsharma/Projects/Learning/testing/featherGlobe/src/App/Store/Reducers/postReducer.js": {"path":"/Users/nitinsharma/Projects/Learning/testing/featherGlobe/src/App/Store/Reducers/postReducer.js","statementMap":{"0":{"start":{"line":4,"column":28},"end":{"line":11,"column":1}},"1":{"start":{"line":15,"column":2},"end":{"line":93,"column":3}},"2":{"start":{"line":17,"column":6},"end":{"line":19,"column":8}},"3":{"start":{"line":23,"column":6},"end":{"line":27,"column":7}},"4":{"start":{"line":25,"column":44},"end":{"line":25,"column":73}},"5":{"start":{"line":31,"column":27},"end":{"line":31,"column":81}},"6":{"start":{"line":31,"column":56},"end":{"line":31,"column":77}},"7":{"start":{"line":32,"column":6},"end":{"line":37,"column":8}},"8":{"start":{"line":40,"column":6},"end":{"line":40,"column":20}},"9":{"start":{"line":41,"column":6},"end":{"line":44,"column":8}},"10":{"start":{"line":48,"column":6},"end":{"line":51,"column":8}},"11":{"start":{"line":56,"column":6},"end":{"line":60,"column":8}},"12":{"start":{"line":63,"column":6},"end":{"line":67,"column":8}},"13":{"start":{"line":71,"column":6},"end":{"line":74,"column":8}},"14":{"start":{"line":78,"column":6},"end":{"line":81,"column":8}},"15":{"start":{"line":85,"column":6},"end":{"line":88,"column":7}},"16":{"start":{"line":91,"column":6},"end":{"line":91,"column":19}}},"fnMap":{"0":{"name":"postReducer","decl":{"start":{"line":13,"column":16},"end":{"line":13,"column":27}},"loc":{"start":{"line":13,"column":58},"end":{"line":94,"column":1}},"line":13},"1":{"name":"(anonymous_1)","decl":{"start":{"line":25,"column":34},"end":{"line":25,"column":35}},"loc":{"start":{"line":25,"column":44},"end":{"line":25,"column":73}},"line":25},"2":{"name":"(anonymous_2)","decl":{"start":{"line":31,"column":46},"end":{"line":31,"column":47}},"loc":{"start":{"line":31,"column":56},"end":{"line":31,"column":77}},"line":31}},"branchMap":{"0":{"loc":{"start":{"line":13,"column":28},"end":{"line":13,"column":48}},"type":"default-arg","locations":[{"start":{"line":13,"column":36},"end":{"line":13,"column":48}}],"line":13},"1":{"loc":{"start":{"line":15,"column":2},"end":{"line":93,"column":3}},"type":"switch","locations":[{"start":{"line":16,"column":4},"end":{"line":20,"column":5}},{"start":{"line":22,"column":4},"end":{"line":28,"column":5}},{"start":{"line":29,"column":4},"end":{"line":38,"column":5}},{"start":{"line":39,"column":4},"end":{"line":45,"column":5}},{"start":{"line":47,"column":4},"end":{"line":52,"column":5}},{"start":{"line":54,"column":4},"end":{"line":61,"column":5}},{"start":{"line":62,"column":4},"end":{"line":68,"column":5}},{"start":{"line":70,"column":4},"end":{"line":75,"column":5}},{"start":{"line":77,"column":4},"end":{"line":82,"column":5}},{"start":{"line":84,"column":4},"end":{"line":88,"column":7}},{"start":{"line":90,"column":4},"end":{"line":92,"column":5}}],"line":15}},"s":{"0":1,"1":3,"2":0,"3":0,"4":0,"5":0,"6":0,"7":0,"8":0,"9":0,"10":0,"11":0,"12":0,"13":0,"14":0,"15":0,"16":3},"f":{"0":3,"1":0,"2":0},"b":{"0":[3],"1":[0,0,0,0,0,0,0,0,0,0,3]},"_coverageSchema":"43e27e138ebf9cfc5966b082cf9a028302ed4184","hash":"7d1ca20fb05398502a4a518fa151be9a49dad1e6"}
,"/Users/nitinsharma/Projects/Learning/testing/featherGlobe/src/App/Store/Reducers/rootReducer.js": {"path":"/Users/nitinsharma/Projects/Learning/testing/featherGlobe/src/App/Store/Reducers/rootReducer.js","statementMap":{},"fnMap":{},"branchMap":{},"s":{},"f":{},"b":{},"_coverageSchema":"43e27e138ebf9cfc5966b082cf9a028302ed4184","hash":"7a462a99c331fb7bea6b046a2ed2923ee9d11769"}
,"/Users/nitinsharma/Projects/Learning/testing/featherGlobe/src/App/Store/Reducers/usersReducer.js": {"path":"/Users/nitinsharma/Projects/Learning/testing/featherGlobe/src/App/Store/Reducers/usersReducer.js","statementMap":{"0":{"start":{"line":3,"column":21},"end":{"line":7,"column":1}},"1":{"start":{"line":9,"column":16},"end":{"line":37,"column":1}},"2":{"start":{"line":11,"column":4},"end":{"line":36,"column":5}},"3":{"start":{"line":13,"column":12},"end":{"line":16,"column":14}},"4":{"start":{"line":19,"column":12},"end":{"line":23,"column":13}},"5":{"start":{"line":26,"column":12},"end":{"line":29,"column":13}},"6":{"start":{"line":33,"column":12},"end":{"line":35,"column":14}}},"fnMap":{"0":{"name":"(anonymous_0)","decl":{"start":{"line":9,"column":16},"end":{"line":9,"column":17}},"loc":{"start":{"line":9,"column":50},"end":{"line":37,"column":1}},"line":9}},"branchMap":{"0":{"loc":{"start":{"line":9,"column":17},"end":{"line":9,"column":37}},"type":"default-arg","locations":[{"start":{"line":9,"column":25},"end":{"line":9,"column":37}}],"line":9},"1":{"loc":{"start":{"line":11,"column":4},"end":{"line":36,"column":5}},"type":"switch","locations":[{"start":{"line":12,"column":8},"end":{"line":17,"column":9}},{"start":{"line":18,"column":8},"end":{"line":24,"column":9}},{"start":{"line":25,"column":8},"end":{"line":30,"column":9}},{"start":{"line":32,"column":8},"end":{"line":35,"column":14}}],"line":11}},"s":{"0":1,"1":1,"2":3,"3":0,"4":0,"5":0,"6":3},"f":{"0":3},"b":{"0":[3],"1":[0,0,0,3]},"_coverageSchema":"43e27e138ebf9cfc5966b082cf9a028302ed4184","hash":"b72ed72964149216248e1a2c96145cdc52ceea39"}
}
