{"/Users/nitinsharma/Projects/Learning/testing/featherGlobe/src/App/Components/Backdrop/Backdrop.js": {"path":"/Users/nitinsharma/Projects/Learning/testing/featherGlobe/src/App/Components/Backdrop/Backdrop.js","statementMap":{"0":{"start":{"line":4,"column":17},"end":{"line":6,"column":1}},"1":{"start":{"line":5,"column":3},"end":{"line":5,"column":86}}},"fnMap":{"0":{"name":"(anonymous_0)","decl":{"start":{"line":4,"column":17},"end":{"line":4,"column":18}},"loc":{"start":{"line":4,"column":28},"end":{"line":6,"column":1}},"line":4}},"branchMap":{"0":{"loc":{"start":{"line":5,"column":10},"end":{"line":5,"column":86}},"type":"cond-expr","locations":[{"start":{"line":5,"column":23},"end":{"line":5,"column":79}},{"start":{"line":5,"column":82},"end":{"line":5,"column":86}}],"line":5}},"s":{"0":1,"1":2},"f":{"0":2},"b":{"0":[0,2]},"_coverageSchema":"43e27e138ebf9cfc5966b082cf9a028302ed4184","hash":"141a602104962e4b57b1e0ef2a47ae53d8f9d038"}
}
